{"C:\\Users\\shusschen\\Desktop\\homework\\backend-testing\\server.js": {"path":"C:\\Users\\shusschen\\Desktop\\homework\\backend-testing\\server.js","statementMap":{"0":{"start":{"line":1,"column":15},"end":{"line":1,"column":32}},"1":{"start":{"line":2,"column":16},"end":{"line":2,"column":34}},"2":{"start":{"line":3,"column":17},"end":{"line":3,"column":36}},"3":{"start":{"line":4,"column":13},"end":{"line":4,"column":28}},"4":{"start":{"line":5,"column":21},"end":{"line":5,"column":45}},"5":{"start":{"line":6,"column":21},"end":{"line":6,"column":46}},"6":{"start":{"line":7,"column":30},"end":{"line":7,"column":45}},"7":{"start":{"line":8,"column":13},"end":{"line":8,"column":28}},"8":{"start":{"line":10,"column":16},"end":{"line":10,"column":70}},"9":{"start":{"line":11,"column":0},"end":{"line":11,"column":32}},"10":{"start":{"line":13,"column":12},"end":{"line":13,"column":21}},"11":{"start":{"line":14,"column":0},"end":{"line":14,"column":23}},"12":{"start":{"line":15,"column":0},"end":{"line":15,"column":15}},"13":{"start":{"line":16,"column":0},"end":{"line":16,"column":23}},"14":{"start":{"line":20,"column":13},"end":{"line":20,"column":46}},"15":{"start":{"line":21,"column":11},"end":{"line":21,"column":37}},"16":{"start":{"line":23,"column":0},"end":{"line":25,"column":2}},"17":{"start":{"line":24,"column":4},"end":{"line":24,"column":24}},"18":{"start":{"line":28,"column":0},"end":{"line":28,"column":38}},"19":{"start":{"line":32,"column":0},"end":{"line":44,"column":5}},"20":{"start":{"line":34,"column":4},"end":{"line":43,"column":9}},"21":{"start":{"line":36,"column":8},"end":{"line":36,"column":23}},"22":{"start":{"line":39,"column":8},"end":{"line":42,"column":11}},"23":{"start":{"line":48,"column":0},"end":{"line":48,"column":47}},"24":{"start":{"line":49,"column":0},"end":{"line":49,"column":47}},"25":{"start":{"line":50,"column":0},"end":{"line":50,"column":47}},"26":{"start":{"line":51,"column":0},"end":{"line":51,"column":50}},"27":{"start":{"line":52,"column":0},"end":{"line":52,"column":49}},"28":{"start":{"line":53,"column":0},"end":{"line":53,"column":50}},"29":{"start":{"line":54,"column":0},"end":{"line":54,"column":48}},"30":{"start":{"line":57,"column":12},"end":{"line":57,"column":35}},"31":{"start":{"line":58,"column":0},"end":{"line":66,"column":2}},"32":{"start":{"line":64,"column":4},"end":{"line":64,"column":22}},"33":{"start":{"line":64,"column":12},"end":{"line":64,"column":22}},"34":{"start":{"line":65,"column":4},"end":{"line":65,"column":39}},"35":{"start":{"line":68,"column":0},"end":{"line":73,"column":1}},"36":{"start":{"line":69,"column":4},"end":{"line":69,"column":43}},"37":{"start":{"line":70,"column":4},"end":{"line":72,"column":6}},"38":{"start":{"line":71,"column":8},"end":{"line":71,"column":75}},"39":{"start":{"line":75,"column":13},"end":{"line":75,"column":37}},"40":{"start":{"line":76,"column":0},"end":{"line":78,"column":2}},"41":{"start":{"line":77,"column":4},"end":{"line":77,"column":50}},"42":{"start":{"line":80,"column":0},"end":{"line":80,"column":21}}},"fnMap":{"0":{"name":"(anonymous_0)","decl":{"start":{"line":23,"column":20},"end":{"line":23,"column":21}},"loc":{"start":{"line":23,"column":30},"end":{"line":25,"column":1}},"line":23},"1":{"name":"(anonymous_1)","decl":{"start":{"line":32,"column":26},"end":{"line":32,"column":27}},"loc":{"start":{"line":32,"column":40},"end":{"line":44,"column":3}},"line":32},"2":{"name":"(anonymous_2)","decl":{"start":{"line":35,"column":12},"end":{"line":35,"column":13}},"loc":{"start":{"line":35,"column":20},"end":{"line":37,"column":7}},"line":35},"3":{"name":"(anonymous_3)","decl":{"start":{"line":38,"column":13},"end":{"line":38,"column":14}},"loc":{"start":{"line":38,"column":20},"end":{"line":43,"column":7}},"line":38},"4":{"name":"(anonymous_4)","decl":{"start":{"line":63,"column":3},"end":{"line":63,"column":4}},"loc":{"start":{"line":63,"column":10},"end":{"line":66,"column":1}},"line":63},"5":{"name":"(anonymous_5)","decl":{"start":{"line":70,"column":17},"end":{"line":70,"column":18}},"loc":{"start":{"line":70,"column":31},"end":{"line":72,"column":5}},"line":70},"6":{"name":"(anonymous_6)","decl":{"start":{"line":76,"column":18},"end":{"line":76,"column":19}},"loc":{"start":{"line":76,"column":24},"end":{"line":78,"column":1}},"line":76}},"branchMap":{"0":{"loc":{"start":{"line":10,"column":16},"end":{"line":10,"column":70}},"type":"cond-expr","locations":[{"start":{"line":10,"column":50},"end":{"line":10,"column":61}},{"start":{"line":10,"column":64},"end":{"line":10,"column":70}}],"line":10},"1":{"loc":{"start":{"line":41,"column":12},"end":{"line":41,"column":73}},"type":"binary-expr","locations":[{"start":{"line":41,"column":12},"end":{"line":41,"column":23}},{"start":{"line":41,"column":27},"end":{"line":41,"column":73}}],"line":41},"2":{"loc":{"start":{"line":64,"column":4},"end":{"line":64,"column":22}},"type":"if","locations":[{"start":{"line":64,"column":4},"end":{"line":64,"column":22}},{"start":{},"end":{}}],"line":64},"3":{"loc":{"start":{"line":68,"column":0},"end":{"line":73,"column":1}},"type":"if","locations":[{"start":{"line":68,"column":0},"end":{"line":73,"column":1}},{"start":{},"end":{}}],"line":68},"4":{"loc":{"start":{"line":68,"column":3},"end":{"line":68,"column":82}},"type":"binary-expr","locations":[{"start":{"line":68,"column":3},"end":{"line":68,"column":41}},{"start":{"line":68,"column":45},"end":{"line":68,"column":82}}],"line":68},"5":{"loc":{"start":{"line":75,"column":13},"end":{"line":75,"column":37}},"type":"binary-expr","locations":[{"start":{"line":75,"column":13},"end":{"line":75,"column":29}},{"start":{"line":75,"column":33},"end":{"line":75,"column":37}}],"line":75}},"s":{"0":7,"1":7,"2":7,"3":7,"4":7,"5":7,"6":7,"7":7,"8":7,"9":7,"10":7,"11":7,"12":7,"13":7,"14":7,"15":7,"16":7,"17":0,"18":7,"19":7,"20":0,"21":0,"22":0,"23":7,"24":7,"25":7,"26":7,"27":7,"28":7,"29":7,"30":7,"31":7,"32":7,"33":0,"34":7,"35":7,"36":0,"37":0,"38":0,"39":7,"40":7,"41":7,"42":7},"f":{"0":0,"1":0,"2":0,"3":0,"4":7,"5":0,"6":7},"b":{"0":[7,0],"1":[0,0],"2":[0,7],"3":[0,7],"4":[7,7],"5":[7,7]},"_coverageSchema":"1a1c01bbd47fc00a2c39e90264f33305004495a9","hash":"5cfe37d69aa31bd74fc34c7d53c36803359dc10c"}
,"C:\\Users\\shusschen\\Desktop\\homework\\backend-testing\\socketServer.js": {"path":"C:\\Users\\shusschen\\Desktop\\homework\\backend-testing\\socketServer.js","statementMap":{"0":{"start":{"line":1,"column":12},"end":{"line":1,"column":14}},"1":{"start":{"line":3,"column":17},"end":{"line":8,"column":1}},"2":{"start":{"line":4,"column":20},"end":{"line":6,"column":5}},"3":{"start":{"line":5,"column":8},"end":{"line":5,"column":41}},"4":{"start":{"line":7,"column":4},"end":{"line":7,"column":19}},"5":{"start":{"line":10,"column":21},"end":{"line":139,"column":1}},"6":{"start":{"line":35,"column":4},"end":{"line":45,"column":6}},"7":{"start":{"line":36,"column":20},"end":{"line":36,"column":65}},"8":{"start":{"line":37,"column":24},"end":{"line":37,"column":67}},"9":{"start":{"line":37,"column":45},"end":{"line":37,"column":66}},"10":{"start":{"line":39,"column":8},"end":{"line":43,"column":9}},"11":{"start":{"line":40,"column":12},"end":{"line":42,"column":14}},"12":{"start":{"line":41,"column":16},"end":{"line":41,"column":77}},"13":{"start":{"line":44,"column":8},"end":{"line":44,"column":18}},"14":{"start":{"line":47,"column":4},"end":{"line":57,"column":6}},"15":{"start":{"line":48,"column":20},"end":{"line":48,"column":65}},"16":{"start":{"line":49,"column":24},"end":{"line":49,"column":67}},"17":{"start":{"line":49,"column":45},"end":{"line":49,"column":66}},"18":{"start":{"line":51,"column":8},"end":{"line":55,"column":9}},"19":{"start":{"line":52,"column":12},"end":{"line":54,"column":14}},"20":{"start":{"line":53,"column":16},"end":{"line":53,"column":79}},"21":{"start":{"line":56,"column":8},"end":{"line":56,"column":18}},"22":{"start":{"line":61,"column":4},"end":{"line":71,"column":6}},"23":{"start":{"line":62,"column":20},"end":{"line":62,"column":65}},"24":{"start":{"line":63,"column":24},"end":{"line":63,"column":67}},"25":{"start":{"line":63,"column":45},"end":{"line":63,"column":66}},"26":{"start":{"line":65,"column":8},"end":{"line":69,"column":9}},"27":{"start":{"line":66,"column":12},"end":{"line":68,"column":14}},"28":{"start":{"line":67,"column":16},"end":{"line":67,"column":86}},"29":{"start":{"line":70,"column":8},"end":{"line":70,"column":18}},"30":{"start":{"line":73,"column":4},"end":{"line":83,"column":6}},"31":{"start":{"line":74,"column":20},"end":{"line":74,"column":65}},"32":{"start":{"line":75,"column":24},"end":{"line":75,"column":67}},"33":{"start":{"line":75,"column":45},"end":{"line":75,"column":66}},"34":{"start":{"line":77,"column":8},"end":{"line":81,"column":9}},"35":{"start":{"line":78,"column":12},"end":{"line":80,"column":14}},"36":{"start":{"line":79,"column":16},"end":{"line":79,"column":86}},"37":{"start":{"line":82,"column":8},"end":{"line":82,"column":18}},"38":{"start":{"line":99,"column":4},"end":{"line":103,"column":6}},"39":{"start":{"line":100,"column":23},"end":{"line":100,"column":75}},"40":{"start":{"line":100,"column":42},"end":{"line":100,"column":74}},"41":{"start":{"line":101,"column":8},"end":{"line":101,"column":83}},"42":{"start":{"line":102,"column":8},"end":{"line":102,"column":18}},"43":{"start":{"line":105,"column":4},"end":{"line":109,"column":6}},"44":{"start":{"line":106,"column":23},"end":{"line":106,"column":75}},"45":{"start":{"line":106,"column":42},"end":{"line":106,"column":74}},"46":{"start":{"line":107,"column":8},"end":{"line":107,"column":83}},"47":{"start":{"line":108,"column":8},"end":{"line":108,"column":18}},"48":{"start":{"line":113,"column":4},"end":{"line":117,"column":6}},"49":{"start":{"line":114,"column":21},"end":{"line":114,"column":66}},"50":{"start":{"line":114,"column":40},"end":{"line":114,"column":65}},"51":{"start":{"line":115,"column":8},"end":{"line":115,"column":77}},"52":{"start":{"line":116,"column":8},"end":{"line":116,"column":18}},"53":{"start":{"line":121,"column":4},"end":{"line":137,"column":6}},"54":{"start":{"line":122,"column":26},"end":{"line":124,"column":9}},"55":{"start":{"line":123,"column":12},"end":{"line":123,"column":61}},"56":{"start":{"line":123,"column":40},"end":{"line":123,"column":60}},"57":{"start":{"line":125,"column":8},"end":{"line":125,"column":53}},"58":{"start":{"line":127,"column":24},"end":{"line":129,"column":9}},"59":{"start":{"line":128,"column":12},"end":{"line":128,"column":61}},"60":{"start":{"line":128,"column":40},"end":{"line":128,"column":60}},"61":{"start":{"line":131,"column":8},"end":{"line":135,"column":9}},"62":{"start":{"line":132,"column":12},"end":{"line":134,"column":14}},"63":{"start":{"line":133,"column":16},"end":{"line":133,"column":89}},"64":{"start":{"line":136,"column":8},"end":{"line":136,"column":18}},"65":{"start":{"line":141,"column":0},"end":{"line":141,"column":29}}},"fnMap":{"0":{"name":"(anonymous_0)","decl":{"start":{"line":3,"column":17},"end":{"line":3,"column":18}},"loc":{"start":{"line":3,"column":31},"end":{"line":8,"column":1}},"line":3},"1":{"name":"(anonymous_1)","decl":{"start":{"line":4,"column":29},"end":{"line":4,"column":30}},"loc":{"start":{"line":5,"column":8},"end":{"line":5,"column":41}},"line":5},"2":{"name":"(anonymous_2)","decl":{"start":{"line":10,"column":21},"end":{"line":10,"column":22}},"loc":{"start":{"line":10,"column":33},"end":{"line":139,"column":1}},"line":10},"3":{"name":"(anonymous_3)","decl":{"start":{"line":35,"column":26},"end":{"line":35,"column":27}},"loc":{"start":{"line":35,"column":43},"end":{"line":45,"column":5}},"line":35},"4":{"name":"(anonymous_4)","decl":{"start":{"line":37,"column":37},"end":{"line":37,"column":38}},"loc":{"start":{"line":37,"column":45},"end":{"line":37,"column":66}},"line":37},"5":{"name":"(anonymous_5)","decl":{"start":{"line":40,"column":28},"end":{"line":40,"column":29}},"loc":{"start":{"line":40,"column":38},"end":{"line":42,"column":13}},"line":40},"6":{"name":"(anonymous_6)","decl":{"start":{"line":47,"column":28},"end":{"line":47,"column":29}},"loc":{"start":{"line":47,"column":45},"end":{"line":57,"column":5}},"line":47},"7":{"name":"(anonymous_7)","decl":{"start":{"line":49,"column":37},"end":{"line":49,"column":38}},"loc":{"start":{"line":49,"column":45},"end":{"line":49,"column":66}},"line":49},"8":{"name":"(anonymous_8)","decl":{"start":{"line":52,"column":28},"end":{"line":52,"column":29}},"loc":{"start":{"line":52,"column":38},"end":{"line":54,"column":13}},"line":52},"9":{"name":"(anonymous_9)","decl":{"start":{"line":61,"column":31},"end":{"line":61,"column":32}},"loc":{"start":{"line":61,"column":48},"end":{"line":71,"column":5}},"line":61},"10":{"name":"(anonymous_10)","decl":{"start":{"line":63,"column":37},"end":{"line":63,"column":38}},"loc":{"start":{"line":63,"column":45},"end":{"line":63,"column":66}},"line":63},"11":{"name":"(anonymous_11)","decl":{"start":{"line":66,"column":28},"end":{"line":66,"column":29}},"loc":{"start":{"line":66,"column":38},"end":{"line":68,"column":13}},"line":66},"12":{"name":"(anonymous_12)","decl":{"start":{"line":73,"column":31},"end":{"line":73,"column":32}},"loc":{"start":{"line":73,"column":48},"end":{"line":83,"column":5}},"line":73},"13":{"name":"(anonymous_13)","decl":{"start":{"line":75,"column":37},"end":{"line":75,"column":38}},"loc":{"start":{"line":75,"column":45},"end":{"line":75,"column":66}},"line":75},"14":{"name":"(anonymous_14)","decl":{"start":{"line":78,"column":28},"end":{"line":78,"column":29}},"loc":{"start":{"line":78,"column":38},"end":{"line":80,"column":13}},"line":78},"15":{"name":"(anonymous_15)","decl":{"start":{"line":99,"column":30},"end":{"line":99,"column":31}},"loc":{"start":{"line":99,"column":43},"end":{"line":103,"column":5}},"line":99},"16":{"name":"(anonymous_16)","decl":{"start":{"line":100,"column":34},"end":{"line":100,"column":35}},"loc":{"start":{"line":100,"column":42},"end":{"line":100,"column":74}},"line":100},"17":{"name":"(anonymous_17)","decl":{"start":{"line":105,"column":30},"end":{"line":105,"column":31}},"loc":{"start":{"line":105,"column":43},"end":{"line":109,"column":5}},"line":105},"18":{"name":"(anonymous_18)","decl":{"start":{"line":106,"column":34},"end":{"line":106,"column":35}},"loc":{"start":{"line":106,"column":42},"end":{"line":106,"column":74}},"line":106},"19":{"name":"(anonymous_19)","decl":{"start":{"line":113,"column":28},"end":{"line":113,"column":29}},"loc":{"start":{"line":113,"column":41},"end":{"line":117,"column":5}},"line":113},"20":{"name":"(anonymous_20)","decl":{"start":{"line":114,"column":32},"end":{"line":114,"column":33}},"loc":{"start":{"line":114,"column":40},"end":{"line":114,"column":65}},"line":114},"21":{"name":"(anonymous_21)","decl":{"start":{"line":121,"column":33},"end":{"line":121,"column":34}},"loc":{"start":{"line":121,"column":47},"end":{"line":137,"column":5}},"line":121},"22":{"name":"(anonymous_22)","decl":{"start":{"line":122,"column":39},"end":{"line":122,"column":40}},"loc":{"start":{"line":123,"column":12},"end":{"line":123,"column":61}},"line":123},"23":{"name":"(anonymous_23)","decl":{"start":{"line":123,"column":32},"end":{"line":123,"column":33}},"loc":{"start":{"line":123,"column":40},"end":{"line":123,"column":60}},"line":123},"24":{"name":"(anonymous_24)","decl":{"start":{"line":127,"column":37},"end":{"line":127,"column":38}},"loc":{"start":{"line":128,"column":12},"end":{"line":128,"column":61}},"line":128},"25":{"name":"(anonymous_25)","decl":{"start":{"line":128,"column":32},"end":{"line":128,"column":33}},"loc":{"start":{"line":128,"column":40},"end":{"line":128,"column":60}},"line":128},"26":{"name":"(anonymous_26)","decl":{"start":{"line":132,"column":28},"end":{"line":132,"column":29}},"loc":{"start":{"line":132,"column":38},"end":{"line":134,"column":13}},"line":132}},"branchMap":{"0":{"loc":{"start":{"line":5,"column":8},"end":{"line":5,"column":41}},"type":"cond-expr","locations":[{"start":{"line":5,"column":25},"end":{"line":5,"column":34}},{"start":{"line":5,"column":37},"end":{"line":5,"column":41}}],"line":5},"1":{"loc":{"start":{"line":39,"column":8},"end":{"line":43,"column":9}},"type":"if","locations":[{"start":{"line":39,"column":8},"end":{"line":43,"column":9}},{"start":{},"end":{}}],"line":39},"2":{"loc":{"start":{"line":44,"column":8},"end":{"line":44,"column":18}},"type":"binary-expr","locations":[{"start":{"line":44,"column":8},"end":{"line":44,"column":10}},{"start":{"line":44,"column":14},"end":{"line":44,"column":18}}],"line":44},"3":{"loc":{"start":{"line":51,"column":8},"end":{"line":55,"column":9}},"type":"if","locations":[{"start":{"line":51,"column":8},"end":{"line":55,"column":9}},{"start":{},"end":{}}],"line":51},"4":{"loc":{"start":{"line":56,"column":8},"end":{"line":56,"column":18}},"type":"binary-expr","locations":[{"start":{"line":56,"column":8},"end":{"line":56,"column":10}},{"start":{"line":56,"column":14},"end":{"line":56,"column":18}}],"line":56},"5":{"loc":{"start":{"line":65,"column":8},"end":{"line":69,"column":9}},"type":"if","locations":[{"start":{"line":65,"column":8},"end":{"line":69,"column":9}},{"start":{},"end":{}}],"line":65},"6":{"loc":{"start":{"line":70,"column":8},"end":{"line":70,"column":18}},"type":"binary-expr","locations":[{"start":{"line":70,"column":8},"end":{"line":70,"column":10}},{"start":{"line":70,"column":14},"end":{"line":70,"column":18}}],"line":70},"7":{"loc":{"start":{"line":77,"column":8},"end":{"line":81,"column":9}},"type":"if","locations":[{"start":{"line":77,"column":8},"end":{"line":81,"column":9}},{"start":{},"end":{}}],"line":77},"8":{"loc":{"start":{"line":82,"column":8},"end":{"line":82,"column":18}},"type":"binary-expr","locations":[{"start":{"line":82,"column":8},"end":{"line":82,"column":10}},{"start":{"line":82,"column":14},"end":{"line":82,"column":18}}],"line":82},"9":{"loc":{"start":{"line":101,"column":8},"end":{"line":101,"column":83}},"type":"binary-expr","locations":[{"start":{"line":101,"column":8},"end":{"line":101,"column":14}},{"start":{"line":101,"column":18},"end":{"line":101,"column":83}}],"line":101},"10":{"loc":{"start":{"line":102,"column":8},"end":{"line":102,"column":18}},"type":"binary-expr","locations":[{"start":{"line":102,"column":8},"end":{"line":102,"column":10}},{"start":{"line":102,"column":14},"end":{"line":102,"column":18}}],"line":102},"11":{"loc":{"start":{"line":107,"column":8},"end":{"line":107,"column":83}},"type":"binary-expr","locations":[{"start":{"line":107,"column":8},"end":{"line":107,"column":14}},{"start":{"line":107,"column":18},"end":{"line":107,"column":83}}],"line":107},"12":{"loc":{"start":{"line":108,"column":8},"end":{"line":108,"column":18}},"type":"binary-expr","locations":[{"start":{"line":108,"column":8},"end":{"line":108,"column":10}},{"start":{"line":108,"column":14},"end":{"line":108,"column":18}}],"line":108},"13":{"loc":{"start":{"line":115,"column":8},"end":{"line":115,"column":77}},"type":"binary-expr","locations":[{"start":{"line":115,"column":8},"end":{"line":115,"column":12}},{"start":{"line":115,"column":16},"end":{"line":115,"column":77}}],"line":115},"14":{"loc":{"start":{"line":116,"column":8},"end":{"line":116,"column":18}},"type":"binary-expr","locations":[{"start":{"line":116,"column":8},"end":{"line":116,"column":10}},{"start":{"line":116,"column":14},"end":{"line":116,"column":18}}],"line":116},"15":{"loc":{"start":{"line":131,"column":8},"end":{"line":135,"column":9}},"type":"if","locations":[{"start":{"line":131,"column":8},"end":{"line":135,"column":9}},{"start":{},"end":{}}],"line":131},"16":{"loc":{"start":{"line":136,"column":8},"end":{"line":136,"column":18}},"type":"binary-expr","locations":[{"start":{"line":136,"column":8},"end":{"line":136,"column":10}},{"start":{"line":136,"column":14},"end":{"line":136,"column":18}}],"line":136}},"s":{"0":8,"1":8,"2":0,"3":0,"4":0,"5":8,"6":1,"7":1,"8":1,"9":0,"10":1,"11":0,"12":0,"13":1,"14":1,"15":1,"16":1,"17":0,"18":1,"19":0,"20":0,"21":1,"22":1,"23":1,"24":1,"25":0,"26":1,"27":0,"28":0,"29":1,"30":1,"31":1,"32":1,"33":0,"34":1,"35":0,"36":0,"37":1,"38":1,"39":1,"40":0,"41":1,"42":1,"43":1,"44":1,"45":0,"46":1,"47":1,"48":1,"49":1,"50":0,"51":1,"52":1,"53":1,"54":1,"55":0,"56":0,"57":1,"58":1,"59":0,"60":0,"61":1,"62":0,"63":0,"64":1,"65":8},"f":{"0":0,"1":0,"2":1,"3":1,"4":0,"5":0,"6":1,"7":0,"8":0,"9":1,"10":0,"11":0,"12":1,"13":0,"14":0,"15":1,"16":0,"17":1,"18":0,"19":1,"20":0,"21":1,"22":0,"23":0,"24":0,"25":0,"26":0},"b":{"0":[0,0],"1":[0,1],"2":[1,1],"3":[0,1],"4":[1,1],"5":[0,1],"6":[1,1],"7":[0,1],"8":[1,1],"9":[1,0],"10":[1,1],"11":[1,0],"12":[1,1],"13":[1,0],"14":[1,1],"15":[0,1],"16":[1,1]},"_coverageSchema":"1a1c01bbd47fc00a2c39e90264f33305004495a9","hash":"11e907094e7557764608ab35b2ea059bfe71d3e8"}
,"C:\\Users\\shusschen\\Desktop\\homework\\backend-testing\\controllers\\authCtrl.js": {"path":"C:\\Users\\shusschen\\Desktop\\homework\\backend-testing\\controllers\\authCtrl.js","statementMap":{"0":{"start":{"line":1,"column":14},"end":{"line":1,"column":44}},"1":{"start":{"line":2,"column":15},"end":{"line":2,"column":32}},"2":{"start":{"line":3,"column":12},"end":{"line":3,"column":35}},"3":{"start":{"line":5,"column":17},"end":{"line":118,"column":1}},"4":{"start":{"line":7,"column":8},"end":{"line":46,"column":9}},"5":{"start":{"line":8,"column":78},"end":{"line":8,"column":86}},"6":{"start":{"line":9,"column":30},"end":{"line":9,"column":70}},"7":{"start":{"line":11,"column":30},"end":{"line":11,"column":74}},"8":{"start":{"line":12,"column":12},"end":{"line":12,"column":94}},"9":{"start":{"line":12,"column":26},"end":{"line":12,"column":94}},"10":{"start":{"line":14,"column":31},"end":{"line":14,"column":59}},"11":{"start":{"line":15,"column":12},"end":{"line":15,"column":91}},"12":{"start":{"line":15,"column":27},"end":{"line":15,"column":91}},"13":{"start":{"line":17,"column":12},"end":{"line":18,"column":89}},"14":{"start":{"line":18,"column":12},"end":{"line":18,"column":89}},"15":{"start":{"line":20,"column":33},"end":{"line":20,"column":64}},"16":{"start":{"line":22,"column":28},"end":{"line":24,"column":14}},"17":{"start":{"line":26,"column":33},"end":{"line":26,"column":69}},"18":{"start":{"line":27,"column":34},"end":{"line":27,"column":71}},"19":{"start":{"line":29,"column":12},"end":{"line":33,"column":14}},"20":{"start":{"line":34,"column":12},"end":{"line":34,"column":32}},"21":{"start":{"line":36,"column":12},"end":{"line":43,"column":14}},"22":{"start":{"line":45,"column":12},"end":{"line":45,"column":59}},"23":{"start":{"line":49,"column":8},"end":{"line":83,"column":9}},"24":{"start":{"line":50,"column":50},"end":{"line":50,"column":58}},"25":{"start":{"line":52,"column":25},"end":{"line":52,"column":53}},"26":{"start":{"line":54,"column":12},"end":{"line":54,"column":86}},"27":{"start":{"line":54,"column":22},"end":{"line":54,"column":86}},"28":{"start":{"line":56,"column":12},"end":{"line":56,"column":169}},"29":{"start":{"line":56,"column":60},"end":{"line":56,"column":169}},"30":{"start":{"line":58,"column":30},"end":{"line":58,"column":56}},"31":{"start":{"line":59,"column":12},"end":{"line":59,"column":78}},"32":{"start":{"line":59,"column":26},"end":{"line":59,"column":78}},"33":{"start":{"line":61,"column":28},"end":{"line":61,"column":73}},"34":{"start":{"line":62,"column":12},"end":{"line":62,"column":123}},"35":{"start":{"line":62,"column":25},"end":{"line":62,"column":123}},"36":{"start":{"line":64,"column":33},"end":{"line":64,"column":66}},"37":{"start":{"line":65,"column":34},"end":{"line":65,"column":68}},"38":{"start":{"line":67,"column":12},"end":{"line":71,"column":14}},"39":{"start":{"line":73,"column":12},"end":{"line":80,"column":14}},"40":{"start":{"line":82,"column":12},"end":{"line":82,"column":59}},"41":{"start":{"line":86,"column":8},"end":{"line":91,"column":9}},"42":{"start":{"line":87,"column":12},"end":{"line":87,"column":73}},"43":{"start":{"line":88,"column":12},"end":{"line":88,"column":49}},"44":{"start":{"line":90,"column":12},"end":{"line":90,"column":59}},"45":{"start":{"line":94,"column":8},"end":{"line":116,"column":9}},"46":{"start":{"line":95,"column":29},"end":{"line":95,"column":53}},"47":{"start":{"line":96,"column":12},"end":{"line":96,"column":81}},"48":{"start":{"line":96,"column":26},"end":{"line":96,"column":81}},"49":{"start":{"line":98,"column":12},"end":{"line":112,"column":14}},"50":{"start":{"line":99,"column":16},"end":{"line":99,"column":79}},"51":{"start":{"line":99,"column":24},"end":{"line":99,"column":79}},"52":{"start":{"line":101,"column":29},"end":{"line":101,"column":80}},"53":{"start":{"line":104,"column":16},"end":{"line":104,"column":84}},"54":{"start":{"line":104,"column":26},"end":{"line":104,"column":84}},"55":{"start":{"line":106,"column":37},"end":{"line":106,"column":71}},"56":{"start":{"line":108,"column":16},"end":{"line":111,"column":18}},"57":{"start":{"line":115,"column":12},"end":{"line":115,"column":59}},"58":{"start":{"line":121,"column":26},"end":{"line":123,"column":1}},"59":{"start":{"line":122,"column":4},"end":{"line":122,"column":80}},"60":{"start":{"line":125,"column":27},"end":{"line":127,"column":1}},"61":{"start":{"line":126,"column":4},"end":{"line":126,"column":82}},"62":{"start":{"line":129,"column":0},"end":{"line":129,"column":25}}},"fnMap":{"0":{"name":"(anonymous_0)","decl":{"start":{"line":6,"column":14},"end":{"line":6,"column":15}},"loc":{"start":{"line":6,"column":34},"end":{"line":47,"column":5}},"line":6},"1":{"name":"(anonymous_1)","decl":{"start":{"line":48,"column":11},"end":{"line":48,"column":12}},"loc":{"start":{"line":48,"column":31},"end":{"line":84,"column":5}},"line":48},"2":{"name":"(anonymous_2)","decl":{"start":{"line":85,"column":12},"end":{"line":85,"column":13}},"loc":{"start":{"line":85,"column":32},"end":{"line":92,"column":5}},"line":85},"3":{"name":"(anonymous_3)","decl":{"start":{"line":93,"column":25},"end":{"line":93,"column":26}},"loc":{"start":{"line":93,"column":45},"end":{"line":117,"column":5}},"line":93},"4":{"name":"(anonymous_4)","decl":{"start":{"line":98,"column":67},"end":{"line":98,"column":68}},"loc":{"start":{"line":98,"column":89},"end":{"line":112,"column":13}},"line":98},"5":{"name":"(anonymous_5)","decl":{"start":{"line":121,"column":26},"end":{"line":121,"column":27}},"loc":{"start":{"line":121,"column":39},"end":{"line":123,"column":1}},"line":121},"6":{"name":"(anonymous_6)","decl":{"start":{"line":125,"column":27},"end":{"line":125,"column":28}},"loc":{"start":{"line":125,"column":40},"end":{"line":127,"column":1}},"line":125}},"branchMap":{"0":{"loc":{"start":{"line":12,"column":12},"end":{"line":12,"column":94}},"type":"if","locations":[{"start":{"line":12,"column":12},"end":{"line":12,"column":94}},{"start":{},"end":{}}],"line":12},"1":{"loc":{"start":{"line":15,"column":12},"end":{"line":15,"column":91}},"type":"if","locations":[{"start":{"line":15,"column":12},"end":{"line":15,"column":91}},{"start":{},"end":{}}],"line":15},"2":{"loc":{"start":{"line":17,"column":12},"end":{"line":18,"column":89}},"type":"if","locations":[{"start":{"line":17,"column":12},"end":{"line":18,"column":89}},{"start":{},"end":{}}],"line":17},"3":{"loc":{"start":{"line":54,"column":12},"end":{"line":54,"column":86}},"type":"if","locations":[{"start":{"line":54,"column":12},"end":{"line":54,"column":86}},{"start":{},"end":{}}],"line":54},"4":{"loc":{"start":{"line":56,"column":12},"end":{"line":56,"column":169}},"type":"if","locations":[{"start":{"line":56,"column":12},"end":{"line":56,"column":169}},{"start":{},"end":{}}],"line":56},"5":{"loc":{"start":{"line":56,"column":15},"end":{"line":56,"column":58}},"type":"binary-expr","locations":[{"start":{"line":56,"column":15},"end":{"line":56,"column":29}},{"start":{"line":56,"column":33},"end":{"line":56,"column":58}}],"line":56},"6":{"loc":{"start":{"line":59,"column":12},"end":{"line":59,"column":78}},"type":"if","locations":[{"start":{"line":59,"column":12},"end":{"line":59,"column":78}},{"start":{},"end":{}}],"line":59},"7":{"loc":{"start":{"line":62,"column":12},"end":{"line":62,"column":123}},"type":"if","locations":[{"start":{"line":62,"column":12},"end":{"line":62,"column":123}},{"start":{},"end":{}}],"line":62},"8":{"loc":{"start":{"line":96,"column":12},"end":{"line":96,"column":81}},"type":"if","locations":[{"start":{"line":96,"column":12},"end":{"line":96,"column":81}},{"start":{},"end":{}}],"line":96},"9":{"loc":{"start":{"line":99,"column":16},"end":{"line":99,"column":79}},"type":"if","locations":[{"start":{"line":99,"column":16},"end":{"line":99,"column":79}},{"start":{},"end":{}}],"line":99},"10":{"loc":{"start":{"line":104,"column":16},"end":{"line":104,"column":84}},"type":"if","locations":[{"start":{"line":104,"column":16},"end":{"line":104,"column":84}},{"start":{},"end":{}}],"line":104}},"s":{"0":7,"1":7,"2":7,"3":7,"4":4,"5":4,"6":4,"7":4,"8":4,"9":1,"10":3,"11":3,"12":1,"13":2,"14":1,"15":1,"16":1,"17":1,"18":1,"19":1,"20":1,"21":1,"22":0,"23":4,"24":4,"25":4,"26":4,"27":1,"28":3,"29":1,"30":2,"31":2,"32":1,"33":1,"34":1,"35":0,"36":1,"37":1,"38":1,"39":1,"40":0,"41":1,"42":1,"43":1,"44":0,"45":2,"46":2,"47":2,"48":1,"49":1,"50":1,"51":0,"52":1,"53":1,"54":0,"55":1,"56":1,"57":0,"58":7,"59":3,"60":7,"61":2,"62":7},"f":{"0":4,"1":4,"2":1,"3":2,"4":1,"5":3,"6":2},"b":{"0":[1,3],"1":[1,2],"2":[1,1],"3":[1,3],"4":[1,2],"5":[3,2],"6":[1,1],"7":[0,1],"8":[1,1],"9":[0,1],"10":[0,1]},"_coverageSchema":"1a1c01bbd47fc00a2c39e90264f33305004495a9","hash":"d3b00af9c7709e21489d4fed3d10a7b72e97b1ea"}
,"C:\\Users\\shusschen\\Desktop\\homework\\backend-testing\\controllers\\commentCtrl.js": {"path":"C:\\Users\\shusschen\\Desktop\\homework\\backend-testing\\controllers\\commentCtrl.js","statementMap":{"0":{"start":{"line":1,"column":17},"end":{"line":1,"column":50}},"1":{"start":{"line":2,"column":14},"end":{"line":2,"column":44}},"2":{"start":{"line":5,"column":20},"end":{"line":96,"column":1}},"3":{"start":{"line":7,"column":8},"end":{"line":32,"column":9}},"4":{"start":{"line":8,"column":64},"end":{"line":8,"column":72}},"5":{"start":{"line":10,"column":25},"end":{"line":10,"column":53}},"6":{"start":{"line":11,"column":12},"end":{"line":11,"column":85}},"7":{"start":{"line":11,"column":22},"end":{"line":11,"column":85}},"8":{"start":{"line":13,"column":12},"end":{"line":16,"column":13}},"9":{"start":{"line":14,"column":27},"end":{"line":14,"column":57}},"10":{"start":{"line":15,"column":16},"end":{"line":15,"column":90}},"11":{"start":{"line":15,"column":24},"end":{"line":15,"column":90}},"12":{"start":{"line":18,"column":31},"end":{"line":20,"column":14}},"13":{"start":{"line":22,"column":12},"end":{"line":24,"column":27}},"14":{"start":{"line":26,"column":12},"end":{"line":26,"column":35}},"15":{"start":{"line":28,"column":12},"end":{"line":28,"column":34}},"16":{"start":{"line":31,"column":12},"end":{"line":31,"column":59}},"17":{"start":{"line":35,"column":8},"end":{"line":46,"column":9}},"18":{"start":{"line":36,"column":32},"end":{"line":36,"column":40}},"19":{"start":{"line":38,"column":12},"end":{"line":40,"column":25}},"20":{"start":{"line":42,"column":12},"end":{"line":42,"column":46}},"21":{"start":{"line":45,"column":12},"end":{"line":45,"column":59}},"22":{"start":{"line":49,"column":8},"end":{"line":61,"column":9}},"23":{"start":{"line":50,"column":28},"end":{"line":50,"column":90}},"24":{"start":{"line":51,"column":12},"end":{"line":51,"column":93}},"25":{"start":{"line":51,"column":35},"end":{"line":51,"column":93}},"26":{"start":{"line":53,"column":12},"end":{"line":55,"column":27}},"27":{"start":{"line":57,"column":12},"end":{"line":57,"column":45}},"28":{"start":{"line":60,"column":12},"end":{"line":60,"column":59}},"29":{"start":{"line":64,"column":8},"end":{"line":74,"column":9}},"30":{"start":{"line":66,"column":12},"end":{"line":68,"column":27}},"31":{"start":{"line":70,"column":12},"end":{"line":70,"column":47}},"32":{"start":{"line":73,"column":12},"end":{"line":73,"column":59}},"33":{"start":{"line":77,"column":8},"end":{"line":94,"column":9}},"34":{"start":{"line":78,"column":28},"end":{"line":84,"column":14}},"35":{"start":{"line":86,"column":12},"end":{"line":88,"column":14}},"36":{"start":{"line":90,"column":12},"end":{"line":90,"column":47}},"37":{"start":{"line":93,"column":12},"end":{"line":93,"column":59}},"38":{"start":{"line":99,"column":0},"end":{"line":99,"column":28}}},"fnMap":{"0":{"name":"(anonymous_0)","decl":{"start":{"line":6,"column":19},"end":{"line":6,"column":20}},"loc":{"start":{"line":6,"column":39},"end":{"line":33,"column":5}},"line":6},"1":{"name":"(anonymous_1)","decl":{"start":{"line":34,"column":19},"end":{"line":34,"column":20}},"loc":{"start":{"line":34,"column":39},"end":{"line":47,"column":5}},"line":34},"2":{"name":"(anonymous_2)","decl":{"start":{"line":48,"column":17},"end":{"line":48,"column":18}},"loc":{"start":{"line":48,"column":37},"end":{"line":62,"column":5}},"line":48},"3":{"name":"(anonymous_3)","decl":{"start":{"line":63,"column":19},"end":{"line":63,"column":20}},"loc":{"start":{"line":63,"column":39},"end":{"line":75,"column":5}},"line":63},"4":{"name":"(anonymous_4)","decl":{"start":{"line":76,"column":19},"end":{"line":76,"column":20}},"loc":{"start":{"line":76,"column":39},"end":{"line":95,"column":5}},"line":76}},"branchMap":{"0":{"loc":{"start":{"line":11,"column":12},"end":{"line":11,"column":85}},"type":"if","locations":[{"start":{"line":11,"column":12},"end":{"line":11,"column":85}},{"start":{},"end":{}}],"line":11},"1":{"loc":{"start":{"line":13,"column":12},"end":{"line":16,"column":13}},"type":"if","locations":[{"start":{"line":13,"column":12},"end":{"line":16,"column":13}},{"start":{},"end":{}}],"line":13},"2":{"loc":{"start":{"line":15,"column":16},"end":{"line":15,"column":90}},"type":"if","locations":[{"start":{"line":15,"column":16},"end":{"line":15,"column":90}},{"start":{},"end":{}}],"line":15},"3":{"loc":{"start":{"line":51,"column":12},"end":{"line":51,"column":93}},"type":"if","locations":[{"start":{"line":51,"column":12},"end":{"line":51,"column":93}},{"start":{},"end":{}}],"line":51}},"s":{"0":7,"1":7,"2":7,"3":4,"4":4,"5":4,"6":4,"7":1,"8":3,"9":1,"10":1,"11":1,"12":2,"13":2,"14":2,"15":2,"16":0,"17":1,"18":1,"19":1,"20":1,"21":0,"22":2,"23":2,"24":2,"25":1,"26":1,"27":1,"28":0,"29":1,"30":1,"31":1,"32":0,"33":1,"34":1,"35":1,"36":1,"37":0,"38":7},"f":{"0":4,"1":1,"2":2,"3":1,"4":1},"b":{"0":[1,3],"1":[1,2],"2":[1,0],"3":[1,1]},"_coverageSchema":"1a1c01bbd47fc00a2c39e90264f33305004495a9","hash":"6ccc1dceb6d9385f02718c380cdab9853cadab86"}
,"C:\\Users\\shusschen\\Desktop\\homework\\backend-testing\\controllers\\groupCtrl.js": {"path":"C:\\Users\\shusschen\\Desktop\\homework\\backend-testing\\controllers\\groupCtrl.js","statementMap":{"0":{"start":{"line":1,"column":15},"end":{"line":1,"column":46}},"1":{"start":{"line":2,"column":14},"end":{"line":2,"column":44}},"2":{"start":{"line":3,"column":17},"end":{"line":3,"column":50}},"3":{"start":{"line":4,"column":14},"end":{"line":4,"column":44}},"4":{"start":{"line":8,"column":8},"end":{"line":8,"column":27}},"5":{"start":{"line":9,"column":8},"end":{"line":9,"column":39}},"6":{"start":{"line":13,"column":21},"end":{"line":13,"column":51}},"7":{"start":{"line":14,"column":22},"end":{"line":14,"column":29}},"8":{"start":{"line":15,"column":21},"end":{"line":15,"column":39}},"9":{"start":{"line":16,"column":8},"end":{"line":16,"column":55}},"10":{"start":{"line":17,"column":8},"end":{"line":17,"column":20}},"11":{"start":{"line":21,"column":18},"end":{"line":410,"column":1}},"12":{"start":{"line":23,"column":8},"end":{"line":45,"column":9}},"13":{"start":{"line":24,"column":44},"end":{"line":24,"column":52}},"14":{"start":{"line":26,"column":29},"end":{"line":28,"column":14}},"15":{"start":{"line":29,"column":12},"end":{"line":29,"column":33}},"16":{"start":{"line":31,"column":12},"end":{"line":37,"column":14}},"17":{"start":{"line":39,"column":12},"end":{"line":41,"column":27}},"18":{"start":{"line":44,"column":12},"end":{"line":44,"column":59}},"19":{"start":{"line":48,"column":8},"end":{"line":62,"column":9}},"20":{"start":{"line":49,"column":25},"end":{"line":49,"column":44}},"21":{"start":{"line":50,"column":27},"end":{"line":53,"column":14}},"22":{"start":{"line":55,"column":12},"end":{"line":58,"column":14}},"23":{"start":{"line":61,"column":12},"end":{"line":61,"column":59}},"24":{"start":{"line":65,"column":8},"end":{"line":72,"column":9}},"25":{"start":{"line":66,"column":27},"end":{"line":67,"column":42}},"26":{"start":{"line":69,"column":12},"end":{"line":69,"column":30}},"27":{"start":{"line":71,"column":12},"end":{"line":71,"column":59}},"28":{"start":{"line":75,"column":8},"end":{"line":82,"column":9}},"29":{"start":{"line":76,"column":27},"end":{"line":77,"column":42}},"30":{"start":{"line":79,"column":12},"end":{"line":79,"column":30}},"31":{"start":{"line":81,"column":12},"end":{"line":81,"column":59}},"32":{"start":{"line":86,"column":8},"end":{"line":113,"column":9}},"33":{"start":{"line":87,"column":30},"end":{"line":88,"column":26}},"34":{"start":{"line":90,"column":27},"end":{"line":102,"column":14}},"35":{"start":{"line":105,"column":12},"end":{"line":109,"column":14}},"36":{"start":{"line":112,"column":12},"end":{"line":112,"column":59}},"37":{"start":{"line":116,"column":8},"end":{"line":130,"column":9}},"38":{"start":{"line":117,"column":26},"end":{"line":119,"column":27}},"39":{"start":{"line":121,"column":12},"end":{"line":127,"column":14}},"40":{"start":{"line":129,"column":12},"end":{"line":129,"column":59}},"41":{"start":{"line":134,"column":8},"end":{"line":148,"column":9}},"42":{"start":{"line":135,"column":26},"end":{"line":137,"column":27}},"43":{"start":{"line":139,"column":12},"end":{"line":145,"column":14}},"44":{"start":{"line":147,"column":12},"end":{"line":147,"column":59}},"45":{"start":{"line":152,"column":8},"end":{"line":160,"column":9}},"46":{"start":{"line":153,"column":43},"end":{"line":153,"column":51}},"47":{"start":{"line":154,"column":12},"end":{"line":156,"column":27}},"48":{"start":{"line":159,"column":12},"end":{"line":159,"column":59}},"49":{"start":{"line":162,"column":8},"end":{"line":177,"column":9}},"50":{"start":{"line":163,"column":26},"end":{"line":165,"column":27}},"51":{"start":{"line":168,"column":12},"end":{"line":174,"column":14}},"52":{"start":{"line":176,"column":12},"end":{"line":176,"column":59}},"53":{"start":{"line":180,"column":8},"end":{"line":204,"column":9}},"54":{"start":{"line":181,"column":26},"end":{"line":181,"column":86}},"55":{"start":{"line":182,"column":12},"end":{"line":182,"column":93}},"56":{"start":{"line":182,"column":33},"end":{"line":182,"column":93}},"57":{"start":{"line":184,"column":25},"end":{"line":186,"column":27}},"58":{"start":{"line":188,"column":12},"end":{"line":188,"column":86}},"59":{"start":{"line":188,"column":22},"end":{"line":188,"column":86}},"60":{"start":{"line":190,"column":12},"end":{"line":196,"column":14}},"61":{"start":{"line":198,"column":12},"end":{"line":200,"column":27}},"62":{"start":{"line":203,"column":12},"end":{"line":203,"column":59}},"63":{"start":{"line":207,"column":8},"end":{"line":231,"column":9}},"64":{"start":{"line":209,"column":26},"end":{"line":209,"column":86}},"65":{"start":{"line":211,"column":26},"end":{"line":213,"column":27}},"66":{"start":{"line":215,"column":12},"end":{"line":215,"column":87}},"67":{"start":{"line":215,"column":23},"end":{"line":215,"column":87}},"68":{"start":{"line":217,"column":12},"end":{"line":223,"column":14}},"69":{"start":{"line":225,"column":12},"end":{"line":227,"column":27}},"70":{"start":{"line":230,"column":12},"end":{"line":230,"column":59}},"71":{"start":{"line":234,"column":8},"end":{"line":246,"column":9}},"72":{"start":{"line":235,"column":29},"end":{"line":235,"column":92}},"73":{"start":{"line":237,"column":27},"end":{"line":237,"column":66}},"74":{"start":{"line":239,"column":12},"end":{"line":242,"column":14}},"75":{"start":{"line":245,"column":12},"end":{"line":245,"column":59}},"76":{"start":{"line":249,"column":8},"end":{"line":268,"column":9}},"77":{"start":{"line":250,"column":26},"end":{"line":258,"column":14}},"78":{"start":{"line":260,"column":12},"end":{"line":260,"column":87}},"79":{"start":{"line":260,"column":23},"end":{"line":260,"column":87}},"80":{"start":{"line":262,"column":12},"end":{"line":264,"column":14}},"81":{"start":{"line":267,"column":12},"end":{"line":267,"column":59}},"82":{"start":{"line":271,"column":8},"end":{"line":285,"column":9}},"83":{"start":{"line":272,"column":26},"end":{"line":272,"column":99}},"84":{"start":{"line":273,"column":12},"end":{"line":273,"column":62}},"85":{"start":{"line":275,"column":12},"end":{"line":281,"column":14}},"86":{"start":{"line":284,"column":12},"end":{"line":284,"column":59}},"87":{"start":{"line":288,"column":8},"end":{"line":303,"column":9}},"88":{"start":{"line":289,"column":26},"end":{"line":292,"column":27}},"89":{"start":{"line":294,"column":12},"end":{"line":300,"column":14}},"90":{"start":{"line":302,"column":12},"end":{"line":302,"column":59}},"91":{"start":{"line":306,"column":8},"end":{"line":320,"column":9}},"92":{"start":{"line":307,"column":26},"end":{"line":309,"column":27}},"93":{"start":{"line":311,"column":12},"end":{"line":317,"column":14}},"94":{"start":{"line":319,"column":12},"end":{"line":319,"column":59}},"95":{"start":{"line":323,"column":8},"end":{"line":339,"column":9}},"96":{"start":{"line":324,"column":12},"end":{"line":324,"column":33}},"97":{"start":{"line":325,"column":12},"end":{"line":325,"column":36}},"98":{"start":{"line":326,"column":26},"end":{"line":328,"column":27}},"99":{"start":{"line":330,"column":12},"end":{"line":336,"column":14}},"100":{"start":{"line":338,"column":12},"end":{"line":338,"column":59}},"101":{"start":{"line":342,"column":8},"end":{"line":370,"column":9}},"102":{"start":{"line":343,"column":26},"end":{"line":343,"column":91}},"103":{"start":{"line":344,"column":12},"end":{"line":344,"column":102}},"104":{"start":{"line":344,"column":33},"end":{"line":344,"column":102}},"105":{"start":{"line":346,"column":25},"end":{"line":348,"column":27}},"106":{"start":{"line":350,"column":26},"end":{"line":352,"column":27}},"107":{"start":{"line":354,"column":12},"end":{"line":354,"column":86}},"108":{"start":{"line":354,"column":22},"end":{"line":354,"column":86}},"109":{"start":{"line":356,"column":12},"end":{"line":362,"column":14}},"110":{"start":{"line":364,"column":12},"end":{"line":366,"column":27}},"111":{"start":{"line":369,"column":12},"end":{"line":369,"column":59}},"112":{"start":{"line":373,"column":8},"end":{"line":389,"column":9}},"113":{"start":{"line":375,"column":26},"end":{"line":377,"column":27}},"114":{"start":{"line":379,"column":12},"end":{"line":385,"column":14}},"115":{"start":{"line":388,"column":12},"end":{"line":388,"column":59}},"116":{"start":{"line":393,"column":8},"end":{"line":408,"column":9}},"117":{"start":{"line":394,"column":26},"end":{"line":396,"column":27}},"118":{"start":{"line":398,"column":12},"end":{"line":404,"column":14}},"119":{"start":{"line":407,"column":12},"end":{"line":407,"column":59}},"120":{"start":{"line":412,"column":0},"end":{"line":412,"column":26}}},"fnMap":{"0":{"name":"(anonymous_0)","decl":{"start":{"line":7,"column":4},"end":{"line":7,"column":5}},"loc":{"start":{"line":7,"column":35},"end":{"line":10,"column":5}},"line":7},"1":{"name":"(anonymous_1)","decl":{"start":{"line":12,"column":4},"end":{"line":12,"column":5}},"loc":{"start":{"line":12,"column":16},"end":{"line":18,"column":5}},"line":12},"2":{"name":"(anonymous_2)","decl":{"start":{"line":22,"column":17},"end":{"line":22,"column":18}},"loc":{"start":{"line":22,"column":37},"end":{"line":46,"column":5}},"line":22},"3":{"name":"(anonymous_3)","decl":{"start":{"line":47,"column":22},"end":{"line":47,"column":23}},"loc":{"start":{"line":47,"column":42},"end":{"line":63,"column":5}},"line":47},"4":{"name":"(anonymous_4)","decl":{"start":{"line":64,"column":21},"end":{"line":64,"column":22}},"loc":{"start":{"line":64,"column":41},"end":{"line":73,"column":5}},"line":64},"5":{"name":"(anonymous_5)","decl":{"start":{"line":74,"column":21},"end":{"line":74,"column":22}},"loc":{"start":{"line":74,"column":41},"end":{"line":83,"column":5}},"line":74},"6":{"name":"(anonymous_6)","decl":{"start":{"line":84,"column":15},"end":{"line":84,"column":16}},"loc":{"start":{"line":84,"column":35},"end":{"line":114,"column":5}},"line":84},"7":{"name":"(anonymous_7)","decl":{"start":{"line":115,"column":14},"end":{"line":115,"column":15}},"loc":{"start":{"line":115,"column":34},"end":{"line":131,"column":5}},"line":115},"8":{"name":"(anonymous_8)","decl":{"start":{"line":132,"column":17},"end":{"line":132,"column":18}},"loc":{"start":{"line":132,"column":37},"end":{"line":149,"column":5}},"line":132},"9":{"name":"(anonymous_9)","decl":{"start":{"line":150,"column":17},"end":{"line":150,"column":18}},"loc":{"start":{"line":150,"column":37},"end":{"line":178,"column":5}},"line":150},"10":{"name":"(anonymous_10)","decl":{"start":{"line":179,"column":15},"end":{"line":179,"column":16}},"loc":{"start":{"line":179,"column":35},"end":{"line":205,"column":5}},"line":179},"11":{"name":"(anonymous_11)","decl":{"start":{"line":206,"column":16},"end":{"line":206,"column":17}},"loc":{"start":{"line":206,"column":36},"end":{"line":232,"column":5}},"line":206},"12":{"name":"(anonymous_12)","decl":{"start":{"line":233,"column":19},"end":{"line":233,"column":20}},"loc":{"start":{"line":233,"column":39},"end":{"line":247,"column":5}},"line":233},"13":{"name":"(anonymous_13)","decl":{"start":{"line":248,"column":14},"end":{"line":248,"column":15}},"loc":{"start":{"line":248,"column":34},"end":{"line":269,"column":5}},"line":248},"14":{"name":"(anonymous_14)","decl":{"start":{"line":270,"column":17},"end":{"line":270,"column":18}},"loc":{"start":{"line":270,"column":37},"end":{"line":286,"column":5}},"line":270},"15":{"name":"(anonymous_15)","decl":{"start":{"line":287,"column":16},"end":{"line":287,"column":17}},"loc":{"start":{"line":287,"column":36},"end":{"line":304,"column":5}},"line":287},"16":{"name":"(anonymous_16)","decl":{"start":{"line":305,"column":16},"end":{"line":305,"column":17}},"loc":{"start":{"line":305,"column":36},"end":{"line":321,"column":5}},"line":305},"17":{"name":"(anonymous_17)","decl":{"start":{"line":322,"column":18},"end":{"line":322,"column":19}},"loc":{"start":{"line":322,"column":38},"end":{"line":340,"column":5}},"line":322},"18":{"name":"(anonymous_18)","decl":{"start":{"line":341,"column":16},"end":{"line":341,"column":17}},"loc":{"start":{"line":341,"column":36},"end":{"line":371,"column":5}},"line":341},"19":{"name":"(anonymous_19)","decl":{"start":{"line":372,"column":17},"end":{"line":372,"column":18}},"loc":{"start":{"line":372,"column":37},"end":{"line":390,"column":5}},"line":372},"20":{"name":"(anonymous_20)","decl":{"start":{"line":392,"column":21},"end":{"line":392,"column":22}},"loc":{"start":{"line":392,"column":41},"end":{"line":409,"column":5}},"line":392}},"branchMap":{"0":{"loc":{"start":{"line":13,"column":21},"end":{"line":13,"column":51}},"type":"binary-expr","locations":[{"start":{"line":13,"column":21},"end":{"line":13,"column":46}},{"start":{"line":13,"column":50},"end":{"line":13,"column":51}}],"line":13},"1":{"loc":{"start":{"line":49,"column":25},"end":{"line":49,"column":44}},"type":"binary-expr","locations":[{"start":{"line":49,"column":25},"end":{"line":49,"column":38}},{"start":{"line":49,"column":42},"end":{"line":49,"column":44}}],"line":49},"2":{"loc":{"start":{"line":182,"column":12},"end":{"line":182,"column":93}},"type":"if","locations":[{"start":{"line":182,"column":12},"end":{"line":182,"column":93}},{"start":{},"end":{}}],"line":182},"3":{"loc":{"start":{"line":188,"column":12},"end":{"line":188,"column":86}},"type":"if","locations":[{"start":{"line":188,"column":12},"end":{"line":188,"column":86}},{"start":{},"end":{}}],"line":188},"4":{"loc":{"start":{"line":215,"column":12},"end":{"line":215,"column":87}},"type":"if","locations":[{"start":{"line":215,"column":12},"end":{"line":215,"column":87}},{"start":{},"end":{}}],"line":215},"5":{"loc":{"start":{"line":260,"column":12},"end":{"line":260,"column":87}},"type":"if","locations":[{"start":{"line":260,"column":12},"end":{"line":260,"column":87}},{"start":{},"end":{}}],"line":260},"6":{"loc":{"start":{"line":344,"column":12},"end":{"line":344,"column":102}},"type":"if","locations":[{"start":{"line":344,"column":12},"end":{"line":344,"column":102}},{"start":{},"end":{}}],"line":344},"7":{"loc":{"start":{"line":354,"column":12},"end":{"line":354,"column":86}},"type":"if","locations":[{"start":{"line":354,"column":12},"end":{"line":354,"column":86}},{"start":{},"end":{}}],"line":354}},"s":{"0":7,"1":7,"2":7,"3":7,"4":2,"5":2,"6":0,"7":0,"8":0,"9":0,"10":0,"11":7,"12":2,"13":2,"14":2,"15":2,"16":2,"17":2,"18":0,"19":1,"20":1,"21":1,"22":1,"23":0,"24":0,"25":0,"26":0,"27":0,"28":0,"29":0,"30":0,"31":0,"32":1,"33":1,"34":1,"35":1,"36":0,"37":0,"38":0,"39":0,"40":0,"41":0,"42":0,"43":0,"44":0,"45":0,"46":0,"47":0,"48":0,"49":0,"50":0,"51":0,"52":0,"53":3,"54":3,"55":3,"56":1,"57":2,"58":2,"59":1,"60":1,"61":1,"62":0,"63":2,"64":2,"65":2,"66":2,"67":1,"68":1,"69":1,"70":0,"71":1,"72":1,"73":1,"74":1,"75":0,"76":1,"77":1,"78":1,"79":0,"80":1,"81":0,"82":1,"83":1,"84":1,"85":1,"86":0,"87":0,"88":0,"89":0,"90":0,"91":0,"92":0,"93":0,"94":0,"95":0,"96":0,"97":0,"98":0,"99":0,"100":0,"101":0,"102":0,"103":0,"104":0,"105":0,"106":0,"107":0,"108":0,"109":0,"110":0,"111":0,"112":0,"113":0,"114":0,"115":0,"116":0,"117":0,"118":0,"119":0,"120":7},"f":{"0":2,"1":0,"2":2,"3":1,"4":0,"5":0,"6":1,"7":0,"8":0,"9":0,"10":3,"11":2,"12":1,"13":1,"14":1,"15":0,"16":0,"17":0,"18":0,"19":0,"20":0},"b":{"0":[0,0],"1":[1,1],"2":[1,2],"3":[1,1],"4":[1,1],"5":[0,1],"6":[0,0],"7":[0,0]},"_coverageSchema":"1a1c01bbd47fc00a2c39e90264f33305004495a9","hash":"db342ade3cf5e6b4d866909ff0bae666e1bf91fb"}
,"C:\\Users\\shusschen\\Desktop\\homework\\backend-testing\\controllers\\messageCtrl.js": {"path":"C:\\Users\\shusschen\\Desktop\\homework\\backend-testing\\controllers\\messageCtrl.js","statementMap":{"0":{"start":{"line":1,"column":22},"end":{"line":1,"column":60}},"1":{"start":{"line":2,"column":17},"end":{"line":2,"column":50}},"2":{"start":{"line":6,"column":8},"end":{"line":6,"column":27}},"3":{"start":{"line":7,"column":8},"end":{"line":7,"column":39}},"4":{"start":{"line":11,"column":21},"end":{"line":11,"column":51}},"5":{"start":{"line":12,"column":22},"end":{"line":12,"column":53}},"6":{"start":{"line":13,"column":21},"end":{"line":13,"column":39}},"7":{"start":{"line":14,"column":8},"end":{"line":14,"column":55}},"8":{"start":{"line":15,"column":8},"end":{"line":15,"column":20}},"9":{"start":{"line":19,"column":20},"end":{"line":111,"column":1}},"10":{"start":{"line":21,"column":8},"end":{"line":48,"column":9}},"11":{"start":{"line":22,"column":55},"end":{"line":22,"column":63}},"12":{"start":{"line":24,"column":12},"end":{"line":24,"column":74}},"13":{"start":{"line":24,"column":67},"end":{"line":24,"column":74}},"14":{"start":{"line":26,"column":36},"end":{"line":34,"column":43}},"15":{"start":{"line":36,"column":31},"end":{"line":40,"column":14}},"16":{"start":{"line":42,"column":12},"end":{"line":42,"column":35}},"17":{"start":{"line":44,"column":12},"end":{"line":44,"column":46}},"18":{"start":{"line":47,"column":12},"end":{"line":47,"column":59}},"19":{"start":{"line":51,"column":8},"end":{"line":66,"column":9}},"20":{"start":{"line":52,"column":29},"end":{"line":54,"column":39}},"21":{"start":{"line":56,"column":34},"end":{"line":57,"column":63}},"22":{"start":{"line":59,"column":12},"end":{"line":62,"column":14}},"23":{"start":{"line":65,"column":12},"end":{"line":65,"column":59}},"24":{"start":{"line":69,"column":8},"end":{"line":86,"column":9}},"25":{"start":{"line":70,"column":29},"end":{"line":75,"column":39}},"26":{"start":{"line":77,"column":29},"end":{"line":77,"column":68}},"27":{"start":{"line":79,"column":12},"end":{"line":82,"column":14}},"28":{"start":{"line":85,"column":12},"end":{"line":85,"column":59}},"29":{"start":{"line":89,"column":8},"end":{"line":94,"column":9}},"30":{"start":{"line":90,"column":12},"end":{"line":90,"column":87}},"31":{"start":{"line":91,"column":12},"end":{"line":91,"column":46}},"32":{"start":{"line":93,"column":12},"end":{"line":93,"column":59}},"33":{"start":{"line":97,"column":8},"end":{"line":109,"column":9}},"34":{"start":{"line":98,"column":30},"end":{"line":103,"column":14}},"35":{"start":{"line":104,"column":12},"end":{"line":104,"column":68}},"36":{"start":{"line":106,"column":12},"end":{"line":106,"column":46}},"37":{"start":{"line":108,"column":12},"end":{"line":108,"column":59}},"38":{"start":{"line":113,"column":0},"end":{"line":113,"column":28}}},"fnMap":{"0":{"name":"(anonymous_0)","decl":{"start":{"line":5,"column":4},"end":{"line":5,"column":5}},"loc":{"start":{"line":5,"column":35},"end":{"line":8,"column":5}},"line":5},"1":{"name":"(anonymous_1)","decl":{"start":{"line":10,"column":4},"end":{"line":10,"column":5}},"loc":{"start":{"line":10,"column":16},"end":{"line":16,"column":5}},"line":10},"2":{"name":"(anonymous_2)","decl":{"start":{"line":20,"column":19},"end":{"line":20,"column":20}},"loc":{"start":{"line":20,"column":39},"end":{"line":49,"column":5}},"line":20},"3":{"name":"(anonymous_3)","decl":{"start":{"line":50,"column":22},"end":{"line":50,"column":23}},"loc":{"start":{"line":50,"column":42},"end":{"line":67,"column":5}},"line":50},"4":{"name":"(anonymous_4)","decl":{"start":{"line":68,"column":17},"end":{"line":68,"column":18}},"loc":{"start":{"line":68,"column":37},"end":{"line":87,"column":5}},"line":68},"5":{"name":"(anonymous_5)","decl":{"start":{"line":88,"column":20},"end":{"line":88,"column":21}},"loc":{"start":{"line":88,"column":40},"end":{"line":95,"column":5}},"line":88},"6":{"name":"(anonymous_6)","decl":{"start":{"line":96,"column":24},"end":{"line":96,"column":25}},"loc":{"start":{"line":96,"column":44},"end":{"line":110,"column":5}},"line":96}},"branchMap":{"0":{"loc":{"start":{"line":11,"column":21},"end":{"line":11,"column":51}},"type":"binary-expr","locations":[{"start":{"line":11,"column":21},"end":{"line":11,"column":46}},{"start":{"line":11,"column":50},"end":{"line":11,"column":51}}],"line":11},"1":{"loc":{"start":{"line":12,"column":22},"end":{"line":12,"column":53}},"type":"binary-expr","locations":[{"start":{"line":12,"column":22},"end":{"line":12,"column":48}},{"start":{"line":12,"column":52},"end":{"line":12,"column":53}}],"line":12},"2":{"loc":{"start":{"line":24,"column":12},"end":{"line":24,"column":74}},"type":"if","locations":[{"start":{"line":24,"column":12},"end":{"line":24,"column":74}},{"start":{},"end":{}}],"line":24},"3":{"loc":{"start":{"line":24,"column":15},"end":{"line":24,"column":65}},"type":"binary-expr","locations":[{"start":{"line":24,"column":15},"end":{"line":24,"column":25}},{"start":{"line":24,"column":30},"end":{"line":24,"column":42}},{"start":{"line":24,"column":46},"end":{"line":24,"column":64}}],"line":24}},"s":{"0":7,"1":7,"2":2,"3":2,"4":2,"5":2,"6":2,"7":2,"8":2,"9":7,"10":1,"11":1,"12":1,"13":0,"14":1,"15":1,"16":1,"17":1,"18":0,"19":1,"20":1,"21":1,"22":1,"23":0,"24":1,"25":1,"26":1,"27":1,"28":0,"29":1,"30":1,"31":1,"32":0,"33":1,"34":1,"35":1,"36":0,"37":1,"38":7},"f":{"0":2,"1":2,"2":1,"3":1,"4":1,"5":1,"6":1},"b":{"0":[2,2],"1":[2,2],"2":[0,1],"3":[1,1,0]},"_coverageSchema":"1a1c01bbd47fc00a2c39e90264f33305004495a9","hash":"ea8a09e4a4367167eae3566552b4196138d252d6"}
,"C:\\Users\\shusschen\\Desktop\\homework\\backend-testing\\controllers\\notifyCtrl.js": {"path":"C:\\Users\\shusschen\\Desktop\\homework\\backend-testing\\controllers\\notifyCtrl.js","statementMap":{"0":{"start":{"line":1,"column":17},"end":{"line":1,"column":49}},"1":{"start":{"line":4,"column":19},"end":{"line":62,"column":1}},"2":{"start":{"line":6,"column":8},"end":{"line":19,"column":9}},"3":{"start":{"line":7,"column":66},"end":{"line":7,"column":74}},"4":{"start":{"line":9,"column":12},"end":{"line":9,"column":68}},"5":{"start":{"line":9,"column":61},"end":{"line":9,"column":68}},"6":{"start":{"line":11,"column":27},"end":{"line":13,"column":14}},"7":{"start":{"line":15,"column":12},"end":{"line":15,"column":31}},"8":{"start":{"line":16,"column":12},"end":{"line":16,"column":37}},"9":{"start":{"line":18,"column":12},"end":{"line":18,"column":59}},"10":{"start":{"line":22,"column":8},"end":{"line":30,"column":9}},"11":{"start":{"line":23,"column":27},"end":{"line":25,"column":14}},"12":{"start":{"line":27,"column":12},"end":{"line":27,"column":37}},"13":{"start":{"line":29,"column":12},"end":{"line":29,"column":59}},"14":{"start":{"line":33,"column":8},"end":{"line":40,"column":9}},"15":{"start":{"line":34,"column":29},"end":{"line":35,"column":67}},"16":{"start":{"line":37,"column":12},"end":{"line":37,"column":39}},"17":{"start":{"line":39,"column":12},"end":{"line":39,"column":59}},"18":{"start":{"line":43,"column":8},"end":{"line":51,"column":9}},"19":{"start":{"line":44,"column":29},"end":{"line":46,"column":14}},"20":{"start":{"line":48,"column":12},"end":{"line":48,"column":39}},"21":{"start":{"line":50,"column":12},"end":{"line":50,"column":59}},"22":{"start":{"line":54,"column":8},"end":{"line":60,"column":9}},"23":{"start":{"line":55,"column":29},"end":{"line":55,"column":82}},"24":{"start":{"line":57,"column":12},"end":{"line":57,"column":39}},"25":{"start":{"line":59,"column":12},"end":{"line":59,"column":59}},"26":{"start":{"line":65,"column":0},"end":{"line":65,"column":27}}},"fnMap":{"0":{"name":"(anonymous_0)","decl":{"start":{"line":5,"column":18},"end":{"line":5,"column":19}},"loc":{"start":{"line":5,"column":38},"end":{"line":20,"column":5}},"line":5},"1":{"name":"(anonymous_1)","decl":{"start":{"line":21,"column":18},"end":{"line":21,"column":19}},"loc":{"start":{"line":21,"column":38},"end":{"line":31,"column":5}},"line":21},"2":{"name":"(anonymous_2)","decl":{"start":{"line":32,"column":17},"end":{"line":32,"column":18}},"loc":{"start":{"line":32,"column":37},"end":{"line":41,"column":5}},"line":32},"3":{"name":"(anonymous_3)","decl":{"start":{"line":42,"column":18},"end":{"line":42,"column":19}},"loc":{"start":{"line":42,"column":38},"end":{"line":52,"column":5}},"line":42},"4":{"name":"(anonymous_4)","decl":{"start":{"line":53,"column":23},"end":{"line":53,"column":24}},"loc":{"start":{"line":53,"column":43},"end":{"line":61,"column":5}},"line":53}},"branchMap":{"0":{"loc":{"start":{"line":9,"column":12},"end":{"line":9,"column":68}},"type":"if","locations":[{"start":{"line":9,"column":12},"end":{"line":9,"column":68}},{"start":{},"end":{}}],"line":9}},"s":{"0":7,"1":7,"2":2,"3":2,"4":2,"5":0,"6":2,"7":2,"8":2,"9":0,"10":1,"11":1,"12":1,"13":0,"14":1,"15":1,"16":1,"17":0,"18":1,"19":1,"20":1,"21":0,"22":1,"23":1,"24":1,"25":0,"26":7},"f":{"0":2,"1":1,"2":1,"3":1,"4":1},"b":{"0":[0,2]},"_coverageSchema":"1a1c01bbd47fc00a2c39e90264f33305004495a9","hash":"8cd321b4ba813e03c34694c733412faade6f03e9"}
,"C:\\Users\\shusschen\\Desktop\\homework\\backend-testing\\controllers\\postCtrl.js": {"path":"C:\\Users\\shusschen\\Desktop\\homework\\backend-testing\\controllers\\postCtrl.js","statementMap":{"0":{"start":{"line":1,"column":14},"end":{"line":1,"column":44}},"1":{"start":{"line":2,"column":17},"end":{"line":2,"column":50}},"2":{"start":{"line":3,"column":14},"end":{"line":3,"column":44}},"3":{"start":{"line":4,"column":15},"end":{"line":4,"column":46}},"4":{"start":{"line":8,"column":8},"end":{"line":8,"column":27}},"5":{"start":{"line":9,"column":8},"end":{"line":9,"column":39}},"6":{"start":{"line":13,"column":21},"end":{"line":13,"column":51}},"7":{"start":{"line":14,"column":22},"end":{"line":14,"column":53}},"8":{"start":{"line":15,"column":21},"end":{"line":15,"column":39}},"9":{"start":{"line":16,"column":8},"end":{"line":16,"column":55}},"10":{"start":{"line":17,"column":8},"end":{"line":17,"column":20}},"11":{"start":{"line":21,"column":17},"end":{"line":242,"column":1}},"12":{"start":{"line":23,"column":8},"end":{"line":51,"column":9}},"13":{"start":{"line":24,"column":49},"end":{"line":24,"column":57}},"14":{"start":{"line":26,"column":26},"end":{"line":26,"column":56}},"15":{"start":{"line":27,"column":12},"end":{"line":27,"column":87}},"16":{"start":{"line":27,"column":23},"end":{"line":27,"column":87}},"17":{"start":{"line":29,"column":12},"end":{"line":30,"column":97}},"18":{"start":{"line":30,"column":12},"end":{"line":30,"column":97}},"19":{"start":{"line":32,"column":28},"end":{"line":34,"column":14}},"20":{"start":{"line":36,"column":12},"end":{"line":38,"column":27}},"21":{"start":{"line":40,"column":12},"end":{"line":40,"column":32}},"22":{"start":{"line":42,"column":12},"end":{"line":48,"column":14}},"23":{"start":{"line":50,"column":12},"end":{"line":50,"column":59}},"24":{"start":{"line":54,"column":8},"end":{"line":76,"column":9}},"25":{"start":{"line":55,"column":30},"end":{"line":56,"column":26}},"26":{"start":{"line":58,"column":26},"end":{"line":66,"column":14}},"27":{"start":{"line":68,"column":12},"end":{"line":72,"column":14}},"28":{"start":{"line":75,"column":12},"end":{"line":75,"column":59}},"29":{"start":{"line":79,"column":8},"end":{"line":93,"column":9}},"30":{"start":{"line":80,"column":25},"end":{"line":89,"column":14}},"31":{"start":{"line":90,"column":12},"end":{"line":90,"column":26}},"32":{"start":{"line":92,"column":12},"end":{"line":92,"column":59}},"33":{"start":{"line":96,"column":8},"end":{"line":109,"column":9}},"34":{"start":{"line":97,"column":25},"end":{"line":106,"column":14}},"35":{"start":{"line":108,"column":12},"end":{"line":108,"column":59}},"36":{"start":{"line":112,"column":8},"end":{"line":125,"column":9}},"37":{"start":{"line":113,"column":25},"end":{"line":122,"column":14}},"38":{"start":{"line":124,"column":12},"end":{"line":124,"column":59}},"39":{"start":{"line":128,"column":8},"end":{"line":151,"column":9}},"40":{"start":{"line":129,"column":40},"end":{"line":129,"column":48}},"41":{"start":{"line":131,"column":25},"end":{"line":140,"column":14}},"42":{"start":{"line":142,"column":12},"end":{"line":148,"column":14}},"43":{"start":{"line":150,"column":12},"end":{"line":150,"column":59}},"44":{"start":{"line":154,"column":8},"end":{"line":168,"column":9}},"45":{"start":{"line":155,"column":25},"end":{"line":155,"column":84}},"46":{"start":{"line":156,"column":12},"end":{"line":156,"column":90}},"47":{"start":{"line":156,"column":32},"end":{"line":156,"column":90}},"48":{"start":{"line":158,"column":25},"end":{"line":160,"column":27}},"49":{"start":{"line":162,"column":12},"end":{"line":162,"column":85}},"50":{"start":{"line":162,"column":22},"end":{"line":162,"column":85}},"51":{"start":{"line":164,"column":12},"end":{"line":164,"column":42}},"52":{"start":{"line":167,"column":12},"end":{"line":167,"column":59}},"53":{"start":{"line":171,"column":8},"end":{"line":183,"column":9}},"54":{"start":{"line":173,"column":25},"end":{"line":175,"column":27}},"55":{"start":{"line":177,"column":12},"end":{"line":177,"column":85}},"56":{"start":{"line":177,"column":22},"end":{"line":177,"column":85}},"57":{"start":{"line":179,"column":12},"end":{"line":179,"column":44}},"58":{"start":{"line":182,"column":12},"end":{"line":182,"column":59}},"59":{"start":{"line":186,"column":8},"end":{"line":197,"column":9}},"60":{"start":{"line":187,"column":29},"end":{"line":187,"column":90}},"61":{"start":{"line":188,"column":26},"end":{"line":188,"column":65}},"62":{"start":{"line":190,"column":12},"end":{"line":193,"column":14}},"63":{"start":{"line":196,"column":12},"end":{"line":196,"column":59}},"64":{"start":{"line":200,"column":8},"end":{"line":224,"column":9}},"65":{"start":{"line":201,"column":25},"end":{"line":214,"column":14}},"66":{"start":{"line":216,"column":12},"end":{"line":216,"column":85}},"67":{"start":{"line":216,"column":22},"end":{"line":216,"column":85}},"68":{"start":{"line":218,"column":12},"end":{"line":220,"column":14}},"69":{"start":{"line":223,"column":12},"end":{"line":223,"column":59}},"70":{"start":{"line":227,"column":8},"end":{"line":240,"column":9}},"71":{"start":{"line":228,"column":25},"end":{"line":228,"column":75}},"72":{"start":{"line":229,"column":12},"end":{"line":229,"column":67}},"73":{"start":{"line":230,"column":12},"end":{"line":236,"column":14}},"74":{"start":{"line":239,"column":12},"end":{"line":239,"column":59}},"75":{"start":{"line":244,"column":0},"end":{"line":244,"column":25}}},"fnMap":{"0":{"name":"(anonymous_0)","decl":{"start":{"line":7,"column":4},"end":{"line":7,"column":5}},"loc":{"start":{"line":7,"column":35},"end":{"line":10,"column":5}},"line":7},"1":{"name":"(anonymous_1)","decl":{"start":{"line":12,"column":4},"end":{"line":12,"column":5}},"loc":{"start":{"line":12,"column":16},"end":{"line":18,"column":5}},"line":12},"2":{"name":"(anonymous_2)","decl":{"start":{"line":22,"column":16},"end":{"line":22,"column":17}},"loc":{"start":{"line":22,"column":36},"end":{"line":52,"column":5}},"line":22},"3":{"name":"(anonymous_3)","decl":{"start":{"line":53,"column":14},"end":{"line":53,"column":15}},"loc":{"start":{"line":53,"column":34},"end":{"line":77,"column":5}},"line":53},"4":{"name":"(anonymous_4)","decl":{"start":{"line":78,"column":14},"end":{"line":78,"column":15}},"loc":{"start":{"line":78,"column":34},"end":{"line":94,"column":5}},"line":78},"5":{"name":"(anonymous_5)","decl":{"start":{"line":95,"column":14},"end":{"line":95,"column":15}},"loc":{"start":{"line":95,"column":34},"end":{"line":110,"column":5}},"line":95},"6":{"name":"(anonymous_6)","decl":{"start":{"line":111,"column":16},"end":{"line":111,"column":17}},"loc":{"start":{"line":111,"column":36},"end":{"line":126,"column":5}},"line":111},"7":{"name":"(anonymous_7)","decl":{"start":{"line":127,"column":16},"end":{"line":127,"column":17}},"loc":{"start":{"line":127,"column":36},"end":{"line":152,"column":5}},"line":127},"8":{"name":"(anonymous_8)","decl":{"start":{"line":153,"column":14},"end":{"line":153,"column":15}},"loc":{"start":{"line":153,"column":34},"end":{"line":169,"column":5}},"line":153},"9":{"name":"(anonymous_9)","decl":{"start":{"line":170,"column":16},"end":{"line":170,"column":17}},"loc":{"start":{"line":170,"column":36},"end":{"line":184,"column":5}},"line":170},"10":{"name":"(anonymous_10)","decl":{"start":{"line":185,"column":18},"end":{"line":185,"column":19}},"loc":{"start":{"line":185,"column":38},"end":{"line":198,"column":5}},"line":185},"11":{"name":"(anonymous_11)","decl":{"start":{"line":199,"column":13},"end":{"line":199,"column":14}},"loc":{"start":{"line":199,"column":33},"end":{"line":225,"column":5}},"line":199},"12":{"name":"(anonymous_12)","decl":{"start":{"line":226,"column":16},"end":{"line":226,"column":17}},"loc":{"start":{"line":226,"column":36},"end":{"line":241,"column":5}},"line":226}},"branchMap":{"0":{"loc":{"start":{"line":13,"column":21},"end":{"line":13,"column":51}},"type":"binary-expr","locations":[{"start":{"line":13,"column":21},"end":{"line":13,"column":46}},{"start":{"line":13,"column":50},"end":{"line":13,"column":51}}],"line":13},"1":{"loc":{"start":{"line":14,"column":22},"end":{"line":14,"column":53}},"type":"binary-expr","locations":[{"start":{"line":14,"column":22},"end":{"line":14,"column":48}},{"start":{"line":14,"column":52},"end":{"line":14,"column":53}}],"line":14},"2":{"loc":{"start":{"line":27,"column":12},"end":{"line":27,"column":87}},"type":"if","locations":[{"start":{"line":27,"column":12},"end":{"line":27,"column":87}},{"start":{},"end":{}}],"line":27},"3":{"loc":{"start":{"line":29,"column":12},"end":{"line":30,"column":97}},"type":"if","locations":[{"start":{"line":29,"column":12},"end":{"line":30,"column":97}},{"start":{},"end":{}}],"line":29},"4":{"loc":{"start":{"line":29,"column":16},"end":{"line":29,"column":60}},"type":"binary-expr","locations":[{"start":{"line":29,"column":16},"end":{"line":29,"column":36}},{"start":{"line":29,"column":40},"end":{"line":29,"column":60}}],"line":29},"5":{"loc":{"start":{"line":156,"column":12},"end":{"line":156,"column":90}},"type":"if","locations":[{"start":{"line":156,"column":12},"end":{"line":156,"column":90}},{"start":{},"end":{}}],"line":156},"6":{"loc":{"start":{"line":162,"column":12},"end":{"line":162,"column":85}},"type":"if","locations":[{"start":{"line":162,"column":12},"end":{"line":162,"column":85}},{"start":{},"end":{}}],"line":162},"7":{"loc":{"start":{"line":177,"column":12},"end":{"line":177,"column":85}},"type":"if","locations":[{"start":{"line":177,"column":12},"end":{"line":177,"column":85}},{"start":{},"end":{}}],"line":177},"8":{"loc":{"start":{"line":216,"column":12},"end":{"line":216,"column":85}},"type":"if","locations":[{"start":{"line":216,"column":12},"end":{"line":216,"column":85}},{"start":{},"end":{}}],"line":216}},"s":{"0":7,"1":7,"2":7,"3":7,"4":2,"5":2,"6":0,"7":0,"8":0,"9":0,"10":0,"11":7,"12":3,"13":3,"14":3,"15":3,"16":1,"17":2,"18":1,"19":1,"20":1,"21":1,"22":1,"23":0,"24":1,"25":1,"26":1,"27":1,"28":0,"29":1,"30":1,"31":1,"32":0,"33":0,"34":0,"35":0,"36":0,"37":0,"38":0,"39":1,"40":1,"41":1,"42":1,"43":0,"44":2,"45":2,"46":2,"47":1,"48":1,"49":1,"50":0,"51":1,"52":0,"53":2,"54":2,"55":2,"56":1,"57":1,"58":0,"59":1,"60":1,"61":1,"62":1,"63":0,"64":1,"65":1,"66":1,"67":0,"68":1,"69":0,"70":0,"71":0,"72":0,"73":0,"74":0,"75":7},"f":{"0":2,"1":0,"2":3,"3":1,"4":1,"5":0,"6":0,"7":1,"8":2,"9":2,"10":1,"11":1,"12":0},"b":{"0":[0,0],"1":[0,0],"2":[1,2],"3":[1,1],"4":[2,2],"5":[1,1],"6":[0,1],"7":[1,1],"8":[0,1]},"_coverageSchema":"1a1c01bbd47fc00a2c39e90264f33305004495a9","hash":"d01463380cb6bf6f217b61bffe7692093c864b24"}
,"C:\\Users\\shusschen\\Desktop\\homework\\backend-testing\\controllers\\userCtrl.js": {"path":"C:\\Users\\shusschen\\Desktop\\homework\\backend-testing\\controllers\\userCtrl.js","statementMap":{"0":{"start":{"line":1,"column":14},"end":{"line":1,"column":44}},"1":{"start":{"line":2,"column":15},"end":{"line":2,"column":32}},"2":{"start":{"line":4,"column":19},"end":{"line":10,"column":3}},"3":{"start":{"line":5,"column":18},"end":{"line":5,"column":79}},"4":{"start":{"line":6,"column":4},"end":{"line":8,"column":7}},"5":{"start":{"line":7,"column":8},"end":{"line":7,"column":21}},"6":{"start":{"line":9,"column":4},"end":{"line":9,"column":16}},"7":{"start":{"line":12,"column":17},"end":{"line":81,"column":1}},"8":{"start":{"line":14,"column":8},"end":{"line":21,"column":9}},"9":{"start":{"line":15,"column":26},"end":{"line":16,"column":57}},"10":{"start":{"line":18,"column":12},"end":{"line":18,"column":29}},"11":{"start":{"line":20,"column":12},"end":{"line":20,"column":59}},"12":{"start":{"line":24,"column":8},"end":{"line":31,"column":9}},"13":{"start":{"line":25,"column":25},"end":{"line":25,"column":80}},"14":{"start":{"line":26,"column":12},"end":{"line":26,"column":80}},"15":{"start":{"line":26,"column":22},"end":{"line":26,"column":80}},"16":{"start":{"line":28,"column":12},"end":{"line":28,"column":28}},"17":{"start":{"line":30,"column":12},"end":{"line":30,"column":59}},"18":{"start":{"line":34,"column":8},"end":{"line":54,"column":9}},"19":{"start":{"line":35,"column":50},"end":{"line":35,"column":58}},"20":{"start":{"line":37,"column":12},"end":{"line":37,"column":83}},"21":{"start":{"line":37,"column":23},"end":{"line":37,"column":83}},"22":{"start":{"line":39,"column":12},"end":{"line":39,"column":89}},"23":{"start":{"line":39,"column":26},"end":{"line":39,"column":89}},"24":{"start":{"line":41,"column":12},"end":{"line":41,"column":93}},"25":{"start":{"line":41,"column":26},"end":{"line":41,"column":93}},"26":{"start":{"line":42,"column":12},"end":{"line":43,"column":170}},"27":{"start":{"line":43,"column":12},"end":{"line":43,"column":170}},"28":{"start":{"line":44,"column":33},"end":{"line":44,"column":64}},"29":{"start":{"line":46,"column":12},"end":{"line":48,"column":14}},"30":{"start":{"line":50,"column":12},"end":{"line":50,"column":46}},"31":{"start":{"line":53,"column":12},"end":{"line":53,"column":59}},"32":{"start":{"line":57,"column":8},"end":{"line":79,"column":9}},"33":{"start":{"line":58,"column":86},"end":{"line":58,"column":94}},"34":{"start":{"line":59,"column":12},"end":{"line":59,"column":90}},"35":{"start":{"line":59,"column":26},"end":{"line":59,"column":90}},"36":{"start":{"line":60,"column":12},"end":{"line":73,"column":13}},"37":{"start":{"line":61,"column":16},"end":{"line":63,"column":18}},"38":{"start":{"line":65,"column":16},"end":{"line":66,"column":174}},"39":{"start":{"line":66,"column":16},"end":{"line":66,"column":174}},"40":{"start":{"line":68,"column":37},"end":{"line":68,"column":68}},"41":{"start":{"line":70,"column":16},"end":{"line":72,"column":18}},"42":{"start":{"line":75,"column":12},"end":{"line":75,"column":46}},"43":{"start":{"line":78,"column":12},"end":{"line":78,"column":59}},"44":{"start":{"line":84,"column":0},"end":{"line":84,"column":25}}},"fnMap":{"0":{"name":"(anonymous_0)","decl":{"start":{"line":4,"column":19},"end":{"line":4,"column":20}},"loc":{"start":{"line":4,"column":33},"end":{"line":10,"column":3}},"line":4},"1":{"name":"(anonymous_1)","decl":{"start":{"line":13,"column":16},"end":{"line":13,"column":17}},"loc":{"start":{"line":13,"column":36},"end":{"line":22,"column":5}},"line":13},"2":{"name":"(anonymous_2)","decl":{"start":{"line":23,"column":13},"end":{"line":23,"column":14}},"loc":{"start":{"line":23,"column":33},"end":{"line":32,"column":5}},"line":23},"3":{"name":"(anonymous_3)","decl":{"start":{"line":33,"column":24},"end":{"line":33,"column":25}},"loc":{"start":{"line":33,"column":44},"end":{"line":55,"column":5}},"line":33},"4":{"name":"(anonymous_4)","decl":{"start":{"line":56,"column":16},"end":{"line":56,"column":17}},"loc":{"start":{"line":56,"column":36},"end":{"line":80,"column":5}},"line":56}},"branchMap":{"0":{"loc":{"start":{"line":6,"column":4},"end":{"line":8,"column":7}},"type":"if","locations":[{"start":{"line":6,"column":4},"end":{"line":8,"column":7}},{"start":{},"end":{}}],"line":6},"1":{"loc":{"start":{"line":26,"column":12},"end":{"line":26,"column":80}},"type":"if","locations":[{"start":{"line":26,"column":12},"end":{"line":26,"column":80}},{"start":{},"end":{}}],"line":26},"2":{"loc":{"start":{"line":37,"column":12},"end":{"line":37,"column":83}},"type":"if","locations":[{"start":{"line":37,"column":12},"end":{"line":37,"column":83}},{"start":{},"end":{}}],"line":37},"3":{"loc":{"start":{"line":39,"column":12},"end":{"line":39,"column":89}},"type":"if","locations":[{"start":{"line":39,"column":12},"end":{"line":39,"column":89}},{"start":{},"end":{}}],"line":39},"4":{"loc":{"start":{"line":41,"column":12},"end":{"line":41,"column":93}},"type":"if","locations":[{"start":{"line":41,"column":12},"end":{"line":41,"column":93}},{"start":{},"end":{}}],"line":41},"5":{"loc":{"start":{"line":42,"column":12},"end":{"line":43,"column":170}},"type":"if","locations":[{"start":{"line":42,"column":12},"end":{"line":43,"column":170}},{"start":{},"end":{}}],"line":42},"6":{"loc":{"start":{"line":59,"column":12},"end":{"line":59,"column":90}},"type":"if","locations":[{"start":{"line":59,"column":12},"end":{"line":59,"column":90}},{"start":{},"end":{}}],"line":59},"7":{"loc":{"start":{"line":60,"column":12},"end":{"line":73,"column":13}},"type":"if","locations":[{"start":{"line":60,"column":12},"end":{"line":73,"column":13}},{"start":{"line":64,"column":19},"end":{"line":73,"column":13}}],"line":60},"8":{"loc":{"start":{"line":60,"column":16},"end":{"line":60,"column":44}},"type":"binary-expr","locations":[{"start":{"line":60,"column":16},"end":{"line":60,"column":31}},{"start":{"line":60,"column":35},"end":{"line":60,"column":44}}],"line":60},"9":{"loc":{"start":{"line":65,"column":16},"end":{"line":66,"column":174}},"type":"if","locations":[{"start":{"line":65,"column":16},"end":{"line":66,"column":174}},{"start":{},"end":{}}],"line":65}},"s":{"0":7,"1":7,"2":7,"3":4,"4":4,"5":2,"6":2,"7":7,"8":3,"9":3,"10":2,"11":1,"12":3,"13":3,"14":2,"15":1,"16":1,"17":1,"18":5,"19":5,"20":5,"21":1,"22":4,"23":1,"24":3,"25":1,"26":2,"27":1,"28":1,"29":1,"30":1,"31":0,"32":5,"33":5,"34":5,"35":1,"36":4,"37":2,"38":2,"39":1,"40":1,"41":1,"42":3,"43":0,"44":7},"f":{"0":4,"1":3,"2":3,"3":5,"4":5},"b":{"0":[2,2],"1":[1,1],"2":[1,4],"3":[1,3],"4":[1,2],"5":[1,1],"6":[1,4],"7":[2,2],"8":[4,2],"9":[1,1]},"_coverageSchema":"1a1c01bbd47fc00a2c39e90264f33305004495a9","hash":"16d7edcc541ed40d95a79f689354810a6c8f94ff"}
,"C:\\Users\\shusschen\\Desktop\\homework\\backend-testing\\middleware\\auth.js": {"path":"C:\\Users\\shusschen\\Desktop\\homework\\backend-testing\\middleware\\auth.js","statementMap":{"0":{"start":{"line":1,"column":14},"end":{"line":1,"column":44}},"1":{"start":{"line":2,"column":12},"end":{"line":2,"column":35}},"2":{"start":{"line":4,"column":13},"end":{"line":20,"column":1}},"3":{"start":{"line":5,"column":4},"end":{"line":19,"column":5}},"4":{"start":{"line":6,"column":22},"end":{"line":6,"column":49}},"5":{"start":{"line":8,"column":8},"end":{"line":8,"column":80}},"6":{"start":{"line":8,"column":19},"end":{"line":8,"column":80}},"7":{"start":{"line":10,"column":24},"end":{"line":10,"column":74}},"8":{"start":{"line":11,"column":8},"end":{"line":11,"column":82}},"9":{"start":{"line":11,"column":21},"end":{"line":11,"column":82}},"10":{"start":{"line":13,"column":21},"end":{"line":13,"column":59}},"11":{"start":{"line":15,"column":8},"end":{"line":15,"column":23}},"12":{"start":{"line":16,"column":8},"end":{"line":16,"column":14}},"13":{"start":{"line":18,"column":8},"end":{"line":18,"column":55}},"14":{"start":{"line":23,"column":0},"end":{"line":23,"column":21}}},"fnMap":{"0":{"name":"(anonymous_0)","decl":{"start":{"line":4,"column":13},"end":{"line":4,"column":14}},"loc":{"start":{"line":4,"column":39},"end":{"line":20,"column":1}},"line":4}},"branchMap":{"0":{"loc":{"start":{"line":8,"column":8},"end":{"line":8,"column":80}},"type":"if","locations":[{"start":{"line":8,"column":8},"end":{"line":8,"column":80}},{"start":{},"end":{}}],"line":8},"1":{"loc":{"start":{"line":11,"column":8},"end":{"line":11,"column":82}},"type":"if","locations":[{"start":{"line":11,"column":8},"end":{"line":11,"column":82}},{"start":{},"end":{}}],"line":11}},"s":{"0":7,"1":7,"2":7,"3":60,"4":60,"5":60,"6":0,"7":60,"8":60,"9":0,"10":60,"11":60,"12":60,"13":0,"14":7},"f":{"0":60},"b":{"0":[0,60],"1":[0,60]},"_coverageSchema":"1a1c01bbd47fc00a2c39e90264f33305004495a9","hash":"ca99fa091680f98502998165ccfe6b64319de0fd"}
,"C:\\Users\\shusschen\\Desktop\\homework\\backend-testing\\models\\commentModel.js": {"path":"C:\\Users\\shusschen\\Desktop\\homework\\backend-testing\\models\\commentModel.js","statementMap":{"0":{"start":{"line":1,"column":17},"end":{"line":1,"column":36}},"1":{"start":{"line":3,"column":22},"end":{"line":16,"column":2}},"2":{"start":{"line":18,"column":0},"end":{"line":18,"column":57}}},"fnMap":{},"branchMap":{},"s":{"0":7,"1":7,"2":7},"f":{},"b":{},"_coverageSchema":"1a1c01bbd47fc00a2c39e90264f33305004495a9","hash":"a3cff53b7938c7d126008d0e20811612711aae62"}
,"C:\\Users\\shusschen\\Desktop\\homework\\backend-testing\\models\\conversationModel.js": {"path":"C:\\Users\\shusschen\\Desktop\\homework\\backend-testing\\models\\conversationModel.js","statementMap":{"0":{"start":{"line":1,"column":17},"end":{"line":1,"column":36}},"1":{"start":{"line":3,"column":27},"end":{"line":10,"column":2}},"2":{"start":{"line":12,"column":0},"end":{"line":12,"column":67}}},"fnMap":{},"branchMap":{},"s":{"0":7,"1":7,"2":7},"f":{},"b":{},"_coverageSchema":"1a1c01bbd47fc00a2c39e90264f33305004495a9","hash":"0b60c4b168fab439c377f3cc3e205a25680b6750"}
,"C:\\Users\\shusschen\\Desktop\\homework\\backend-testing\\models\\groupModel.js": {"path":"C:\\Users\\shusschen\\Desktop\\homework\\backend-testing\\models\\groupModel.js","statementMap":{"0":{"start":{"line":1,"column":17},"end":{"line":1,"column":36}},"1":{"start":{"line":3,"column":20},"end":{"line":48,"column":2}},"2":{"start":{"line":50,"column":0},"end":{"line":50,"column":53}}},"fnMap":{},"branchMap":{},"s":{"0":7,"1":7,"2":7},"f":{},"b":{},"_coverageSchema":"1a1c01bbd47fc00a2c39e90264f33305004495a9","hash":"444d40ff0c6d5ebc298a7cb916d00a9e7a71b0fb"}
,"C:\\Users\\shusschen\\Desktop\\homework\\backend-testing\\models\\messageModel.js": {"path":"C:\\Users\\shusschen\\Desktop\\homework\\backend-testing\\models\\messageModel.js","statementMap":{"0":{"start":{"line":1,"column":17},"end":{"line":1,"column":36}},"1":{"start":{"line":3,"column":22},"end":{"line":11,"column":2}},"2":{"start":{"line":13,"column":0},"end":{"line":13,"column":57}}},"fnMap":{},"branchMap":{},"s":{"0":7,"1":7,"2":7},"f":{},"b":{},"_coverageSchema":"1a1c01bbd47fc00a2c39e90264f33305004495a9","hash":"2e86214567a75428c2539876fa922d13e903cc89"}
,"C:\\Users\\shusschen\\Desktop\\homework\\backend-testing\\models\\notifyModel.js": {"path":"C:\\Users\\shusschen\\Desktop\\homework\\backend-testing\\models\\notifyModel.js","statementMap":{"0":{"start":{"line":1,"column":17},"end":{"line":1,"column":36}},"1":{"start":{"line":3,"column":21},"end":{"line":14,"column":2}},"2":{"start":{"line":16,"column":0},"end":{"line":16,"column":55}}},"fnMap":{},"branchMap":{},"s":{"0":7,"1":7,"2":7},"f":{},"b":{},"_coverageSchema":"1a1c01bbd47fc00a2c39e90264f33305004495a9","hash":"0598a63050728b0b1fe64e79fdb89d8735403ef9"}
,"C:\\Users\\shusschen\\Desktop\\homework\\backend-testing\\models\\postModel.js": {"path":"C:\\Users\\shusschen\\Desktop\\homework\\backend-testing\\models\\postModel.js","statementMap":{"0":{"start":{"line":1,"column":17},"end":{"line":1,"column":36}},"1":{"start":{"line":3,"column":19},"end":{"line":32,"column":2}},"2":{"start":{"line":34,"column":0},"end":{"line":34,"column":51}}},"fnMap":{},"branchMap":{},"s":{"0":7,"1":7,"2":7},"f":{},"b":{},"_coverageSchema":"1a1c01bbd47fc00a2c39e90264f33305004495a9","hash":"0401be7b3298015fcf681e7c067209348443bbb9"}
,"C:\\Users\\shusschen\\Desktop\\homework\\backend-testing\\models\\userModel.js": {"path":"C:\\Users\\shusschen\\Desktop\\homework\\backend-testing\\models\\userModel.js","statementMap":{"0":{"start":{"line":1,"column":17},"end":{"line":1,"column":36}},"1":{"start":{"line":4,"column":19},"end":{"line":45,"column":2}},"2":{"start":{"line":48,"column":0},"end":{"line":48,"column":51}}},"fnMap":{},"branchMap":{},"s":{"0":7,"1":7,"2":7},"f":{},"b":{},"_coverageSchema":"1a1c01bbd47fc00a2c39e90264f33305004495a9","hash":"ddec52aa85ce38d4e0dcb96e5390e0ac447fd3ba"}
,"C:\\Users\\shusschen\\Desktop\\homework\\backend-testing\\routes\\authRouter.js": {"path":"C:\\Users\\shusschen\\Desktop\\homework\\backend-testing\\routes\\authRouter.js","statementMap":{"0":{"start":{"line":1,"column":15},"end":{"line":1,"column":42}},"1":{"start":{"line":2,"column":17},"end":{"line":2,"column":51}},"2":{"start":{"line":4,"column":0},"end":{"line":4,"column":43}},"3":{"start":{"line":6,"column":0},"end":{"line":6,"column":37}},"4":{"start":{"line":8,"column":0},"end":{"line":8,"column":39}},"5":{"start":{"line":10,"column":0},"end":{"line":10,"column":59}},"6":{"start":{"line":13,"column":0},"end":{"line":13,"column":23}}},"fnMap":{},"branchMap":{},"s":{"0":7,"1":7,"2":7,"3":7,"4":7,"5":7,"6":7},"f":{},"b":{},"_coverageSchema":"1a1c01bbd47fc00a2c39e90264f33305004495a9","hash":"10231e5d3d8edd7db419db4c0d982e6cca3a2375"}
,"C:\\Users\\shusschen\\Desktop\\homework\\backend-testing\\routes\\commentRouter.js": {"path":"C:\\Users\\shusschen\\Desktop\\homework\\backend-testing\\routes\\commentRouter.js","statementMap":{"0":{"start":{"line":1,"column":15},"end":{"line":1,"column":42}},"1":{"start":{"line":2,"column":20},"end":{"line":2,"column":57}},"2":{"start":{"line":3,"column":13},"end":{"line":3,"column":42}},"3":{"start":{"line":5,"column":0},"end":{"line":5,"column":56}},"4":{"start":{"line":7,"column":0},"end":{"line":7,"column":61}},"5":{"start":{"line":9,"column":0},"end":{"line":9,"column":64}},"6":{"start":{"line":11,"column":0},"end":{"line":11,"column":68}},"7":{"start":{"line":13,"column":0},"end":{"line":13,"column":62}},"8":{"start":{"line":17,"column":0},"end":{"line":17,"column":23}}},"fnMap":{},"branchMap":{},"s":{"0":7,"1":7,"2":7,"3":7,"4":7,"5":7,"6":7,"7":7,"8":7},"f":{},"b":{},"_coverageSchema":"1a1c01bbd47fc00a2c39e90264f33305004495a9","hash":"24eff32ae3f41709294735f73f113b36592bdc1b"}
,"C:\\Users\\shusschen\\Desktop\\homework\\backend-testing\\routes\\groupRouter.js": {"path":"C:\\Users\\shusschen\\Desktop\\homework\\backend-testing\\routes\\groupRouter.js","statementMap":{"0":{"start":{"line":1,"column":15},"end":{"line":1,"column":42}},"1":{"start":{"line":2,"column":18},"end":{"line":2,"column":53}},"2":{"start":{"line":3,"column":13},"end":{"line":3,"column":42}},"3":{"start":{"line":5,"column":0},"end":{"line":7,"column":35}},"4":{"start":{"line":9,"column":0},"end":{"line":12,"column":40}},"5":{"start":{"line":14,"column":0},"end":{"line":14,"column":58}},"6":{"start":{"line":16,"column":0},"end":{"line":16,"column":60}},"7":{"start":{"line":18,"column":0},"end":{"line":18,"column":61}},"8":{"start":{"line":20,"column":0},"end":{"line":20,"column":65}},"9":{"start":{"line":22,"column":0},"end":{"line":22,"column":52}},"10":{"start":{"line":24,"column":0},"end":{"line":24,"column":61}},"11":{"start":{"line":26,"column":0},"end":{"line":26,"column":63}},"12":{"start":{"line":28,"column":0},"end":{"line":28,"column":53}},"13":{"start":{"line":30,"column":0},"end":{"line":30,"column":52}},"14":{"start":{"line":32,"column":0},"end":{"line":32,"column":54}},"15":{"start":{"line":34,"column":0},"end":{"line":34,"column":53}},"16":{"start":{"line":36,"column":0},"end":{"line":36,"column":57}},"17":{"start":{"line":38,"column":0},"end":{"line":38,"column":23}}},"fnMap":{},"branchMap":{},"s":{"0":7,"1":7,"2":7,"3":7,"4":7,"5":7,"6":7,"7":7,"8":7,"9":7,"10":7,"11":7,"12":7,"13":7,"14":7,"15":7,"16":7,"17":7},"f":{},"b":{},"_coverageSchema":"1a1c01bbd47fc00a2c39e90264f33305004495a9","hash":"e6fc839d1da16a41de87c778d4052ec8269710f7"}
,"C:\\Users\\shusschen\\Desktop\\homework\\backend-testing\\routes\\messageRouter.js": {"path":"C:\\Users\\shusschen\\Desktop\\homework\\backend-testing\\routes\\messageRouter.js","statementMap":{"0":{"start":{"line":1,"column":15},"end":{"line":1,"column":42}},"1":{"start":{"line":2,"column":20},"end":{"line":2,"column":57}},"2":{"start":{"line":3,"column":13},"end":{"line":3,"column":42}},"3":{"start":{"line":5,"column":0},"end":{"line":5,"column":56}},"4":{"start":{"line":7,"column":0},"end":{"line":7,"column":64}},"5":{"start":{"line":9,"column":0},"end":{"line":9,"column":57}},"6":{"start":{"line":11,"column":0},"end":{"line":11,"column":63}},"7":{"start":{"line":13,"column":0},"end":{"line":13,"column":72}},"8":{"start":{"line":16,"column":0},"end":{"line":16,"column":23}}},"fnMap":{},"branchMap":{},"s":{"0":7,"1":7,"2":7,"3":7,"4":7,"5":7,"6":7,"7":7,"8":7},"f":{},"b":{},"_coverageSchema":"1a1c01bbd47fc00a2c39e90264f33305004495a9","hash":"601782c5725340036a4eed815370fc0f02f06eac"}
,"C:\\Users\\shusschen\\Desktop\\homework\\backend-testing\\routes\\notifyRouter.js": {"path":"C:\\Users\\shusschen\\Desktop\\homework\\backend-testing\\routes\\notifyRouter.js","statementMap":{"0":{"start":{"line":1,"column":15},"end":{"line":1,"column":42}},"1":{"start":{"line":2,"column":13},"end":{"line":2,"column":42}},"2":{"start":{"line":3,"column":19},"end":{"line":3,"column":55}},"3":{"start":{"line":5,"column":0},"end":{"line":5,"column":53}},"4":{"start":{"line":7,"column":0},"end":{"line":7,"column":59}},"5":{"start":{"line":9,"column":0},"end":{"line":9,"column":53}},"6":{"start":{"line":11,"column":0},"end":{"line":11,"column":64}},"7":{"start":{"line":13,"column":0},"end":{"line":13,"column":69}},"8":{"start":{"line":17,"column":0},"end":{"line":17,"column":23}}},"fnMap":{},"branchMap":{},"s":{"0":7,"1":7,"2":7,"3":7,"4":7,"5":7,"6":7,"7":7,"8":7},"f":{},"b":{},"_coverageSchema":"1a1c01bbd47fc00a2c39e90264f33305004495a9","hash":"804e6885dee9d2ea4130c9890c3aea0d2c443b62"}
,"C:\\Users\\shusschen\\Desktop\\homework\\backend-testing\\routes\\postRouter.js": {"path":"C:\\Users\\shusschen\\Desktop\\homework\\backend-testing\\routes\\postRouter.js","statementMap":{"0":{"start":{"line":1,"column":15},"end":{"line":1,"column":42}},"1":{"start":{"line":2,"column":17},"end":{"line":2,"column":51}},"2":{"start":{"line":3,"column":13},"end":{"line":3,"column":42}},"3":{"start":{"line":5,"column":0},"end":{"line":7,"column":33}},"4":{"start":{"line":9,"column":0},"end":{"line":12,"column":38}},"5":{"start":{"line":14,"column":0},"end":{"line":14,"column":55}},"6":{"start":{"line":16,"column":0},"end":{"line":16,"column":59}},"7":{"start":{"line":18,"column":0},"end":{"line":18,"column":58}},"8":{"start":{"line":20,"column":0},"end":{"line":20,"column":54}},"9":{"start":{"line":22,"column":0},"end":{"line":22,"column":54}},"10":{"start":{"line":24,"column":0},"end":{"line":24,"column":58}},"11":{"start":{"line":26,"column":0},"end":{"line":26,"column":23}}},"fnMap":{},"branchMap":{},"s":{"0":7,"1":7,"2":7,"3":7,"4":7,"5":7,"6":7,"7":7,"8":7,"9":7,"10":7,"11":7},"f":{},"b":{},"_coverageSchema":"1a1c01bbd47fc00a2c39e90264f33305004495a9","hash":"2b3be6dd4996c3c85660cd54a8b95793c6ce1920"}
,"C:\\Users\\shusschen\\Desktop\\homework\\backend-testing\\routes\\userRouter.js": {"path":"C:\\Users\\shusschen\\Desktop\\homework\\backend-testing\\routes\\userRouter.js","statementMap":{"0":{"start":{"line":1,"column":15},"end":{"line":1,"column":42}},"1":{"start":{"line":2,"column":13},"end":{"line":2,"column":42}},"2":{"start":{"line":3,"column":17},"end":{"line":3,"column":51}},"3":{"start":{"line":6,"column":0},"end":{"line":6,"column":48}},"4":{"start":{"line":8,"column":0},"end":{"line":8,"column":47}},"5":{"start":{"line":10,"column":0},"end":{"line":10,"column":48}},"6":{"start":{"line":12,"column":0},"end":{"line":12,"column":66}},"7":{"start":{"line":14,"column":0},"end":{"line":14,"column":23}}},"fnMap":{},"branchMap":{},"s":{"0":7,"1":7,"2":7,"3":7,"4":7,"5":7,"6":7,"7":7},"f":{},"b":{},"_coverageSchema":"1a1c01bbd47fc00a2c39e90264f33305004495a9","hash":"168d64f695ac86f25bfabc2749599c55d5fdaa6d"}
}
