TN:
SF:server.js
FN:23,(anonymous_0)
FN:32,(anonymous_1)
FN:35,(anonymous_2)
FN:38,(anonymous_3)
FN:63,(anonymous_4)
FN:70,(anonymous_5)
FN:76,(anonymous_6)
FNF:7
FNH:2
FNDA:0,(anonymous_0)
FNDA:0,(anonymous_1)
FNDA:0,(anonymous_2)
FNDA:0,(anonymous_3)
FNDA:7,(anonymous_4)
FNDA:0,(anonymous_5)
FNDA:7,(anonymous_6)
DA:1,7
DA:2,7
DA:3,7
DA:4,7
DA:5,7
DA:6,7
DA:7,7
DA:8,7
DA:10,7
DA:11,7
DA:13,7
DA:14,7
DA:15,7
DA:16,7
DA:20,7
DA:21,7
DA:23,7
DA:24,0
DA:28,7
DA:32,7
DA:34,0
DA:36,0
DA:39,0
DA:48,7
DA:49,7
DA:50,7
DA:51,7
DA:52,7
DA:53,7
DA:54,7
DA:57,7
DA:58,7
DA:64,7
DA:65,7
DA:68,7
DA:69,0
DA:70,0
DA:71,0
DA:75,7
DA:76,7
DA:77,7
DA:80,7
LF:42
LH:35
BRDA:10,0,0,7
BRDA:10,0,1,0
BRDA:41,1,0,0
BRDA:41,1,1,0
BRDA:64,2,0,0
BRDA:64,2,1,7
BRDA:68,3,0,0
BRDA:68,3,1,7
BRDA:68,4,0,7
BRDA:68,4,1,7
BRDA:75,5,0,7
BRDA:75,5,1,7
BRF:12
BRH:7
end_of_record
TN:
SF:socketServer.js
FN:3,(anonymous_0)
FN:4,(anonymous_1)
FN:10,(anonymous_2)
FN:35,(anonymous_3)
FN:37,(anonymous_4)
FN:40,(anonymous_5)
FN:47,(anonymous_6)
FN:49,(anonymous_7)
FN:52,(anonymous_8)
FN:61,(anonymous_9)
FN:63,(anonymous_10)
FN:66,(anonymous_11)
FN:73,(anonymous_12)
FN:75,(anonymous_13)
FN:78,(anonymous_14)
FN:99,(anonymous_15)
FN:100,(anonymous_16)
FN:105,(anonymous_17)
FN:106,(anonymous_18)
FN:113,(anonymous_19)
FN:114,(anonymous_20)
FN:121,(anonymous_21)
FN:122,(anonymous_22)
FN:123,(anonymous_23)
FN:127,(anonymous_24)
FN:128,(anonymous_25)
FN:132,(anonymous_26)
FNF:27
FNH:9
FNDA:0,(anonymous_0)
FNDA:0,(anonymous_1)
FNDA:1,(anonymous_2)
FNDA:1,(anonymous_3)
FNDA:0,(anonymous_4)
FNDA:0,(anonymous_5)
FNDA:1,(anonymous_6)
FNDA:0,(anonymous_7)
FNDA:0,(anonymous_8)
FNDA:1,(anonymous_9)
FNDA:0,(anonymous_10)
FNDA:0,(anonymous_11)
FNDA:1,(anonymous_12)
FNDA:0,(anonymous_13)
FNDA:0,(anonymous_14)
FNDA:1,(anonymous_15)
FNDA:0,(anonymous_16)
FNDA:1,(anonymous_17)
FNDA:0,(anonymous_18)
FNDA:1,(anonymous_19)
FNDA:0,(anonymous_20)
FNDA:1,(anonymous_21)
FNDA:0,(anonymous_22)
FNDA:0,(anonymous_23)
FNDA:0,(anonymous_24)
FNDA:0,(anonymous_25)
FNDA:0,(anonymous_26)
DA:1,8
DA:3,8
DA:4,0
DA:5,0
DA:7,0
DA:10,8
DA:35,1
DA:36,1
DA:37,1
DA:39,1
DA:40,0
DA:41,0
DA:44,1
DA:47,1
DA:48,1
DA:49,1
DA:51,1
DA:52,0
DA:53,0
DA:56,1
DA:61,1
DA:62,1
DA:63,1
DA:65,1
DA:66,0
DA:67,0
DA:70,1
DA:73,1
DA:74,1
DA:75,1
DA:77,1
DA:78,0
DA:79,0
DA:82,1
DA:99,1
DA:100,1
DA:101,1
DA:102,1
DA:105,1
DA:106,1
DA:107,1
DA:108,1
DA:113,1
DA:114,1
DA:115,1
DA:116,1
DA:121,1
DA:122,1
DA:123,0
DA:125,1
DA:127,1
DA:128,0
DA:131,1
DA:132,0
DA:133,0
DA:136,1
DA:141,8
LF:57
LH:42
BRDA:5,0,0,0
BRDA:5,0,1,0
BRDA:39,1,0,0
BRDA:39,1,1,1
BRDA:44,2,0,1
BRDA:44,2,1,1
BRDA:51,3,0,0
BRDA:51,3,1,1
BRDA:56,4,0,1
BRDA:56,4,1,1
BRDA:65,5,0,0
BRDA:65,5,1,1
BRDA:70,6,0,1
BRDA:70,6,1,1
BRDA:77,7,0,0
BRDA:77,7,1,1
BRDA:82,8,0,1
BRDA:82,8,1,1
BRDA:101,9,0,1
BRDA:101,9,1,0
BRDA:102,10,0,1
BRDA:102,10,1,1
BRDA:107,11,0,1
BRDA:107,11,1,0
BRDA:108,12,0,1
BRDA:108,12,1,1
BRDA:115,13,0,1
BRDA:115,13,1,0
BRDA:116,14,0,1
BRDA:116,14,1,1
BRDA:131,15,0,0
BRDA:131,15,1,1
BRDA:136,16,0,1
BRDA:136,16,1,1
BRF:34
BRH:24
end_of_record
TN:
SF:controllers\authCtrl.js
FN:6,(anonymous_0)
FN:48,(anonymous_1)
FN:85,(anonymous_2)
FN:93,(anonymous_3)
FN:98,(anonymous_4)
FN:121,(anonymous_5)
FN:125,(anonymous_6)
FNF:7
FNH:7
FNDA:4,(anonymous_0)
FNDA:4,(anonymous_1)
FNDA:1,(anonymous_2)
FNDA:2,(anonymous_3)
FNDA:1,(anonymous_4)
FNDA:3,(anonymous_5)
FNDA:2,(anonymous_6)
DA:1,7
DA:2,7
DA:3,7
DA:5,7
DA:7,4
DA:8,4
DA:9,4
DA:11,4
DA:12,4
DA:14,3
DA:15,3
DA:17,2
DA:18,1
DA:20,1
DA:22,1
DA:26,1
DA:27,1
DA:29,1
DA:34,1
DA:36,1
DA:45,0
DA:49,4
DA:50,4
DA:52,4
DA:54,4
DA:56,3
DA:58,2
DA:59,2
DA:61,1
DA:62,1
DA:64,1
DA:65,1
DA:67,1
DA:73,1
DA:82,0
DA:86,1
DA:87,1
DA:88,1
DA:90,0
DA:94,2
DA:95,2
DA:96,2
DA:98,1
DA:99,1
DA:101,1
DA:104,1
DA:106,1
DA:108,1
DA:115,0
DA:121,7
DA:122,3
DA:125,7
DA:126,2
DA:129,7
LF:54
LH:50
BRDA:12,0,0,1
BRDA:12,0,1,3
BRDA:15,1,0,1
BRDA:15,1,1,2
BRDA:17,2,0,1
BRDA:17,2,1,1
BRDA:54,3,0,1
BRDA:54,3,1,3
BRDA:56,4,0,1
BRDA:56,4,1,2
BRDA:56,5,0,3
BRDA:56,5,1,2
BRDA:59,6,0,1
BRDA:59,6,1,1
BRDA:62,7,0,0
BRDA:62,7,1,1
BRDA:96,8,0,1
BRDA:96,8,1,1
BRDA:99,9,0,0
BRDA:99,9,1,1
BRDA:104,10,0,0
BRDA:104,10,1,1
BRF:22
BRH:19
end_of_record
TN:
SF:controllers\commentCtrl.js
FN:6,(anonymous_0)
FN:34,(anonymous_1)
FN:48,(anonymous_2)
FN:63,(anonymous_3)
FN:76,(anonymous_4)
FNF:5
FNH:5
FNDA:4,(anonymous_0)
FNDA:1,(anonymous_1)
FNDA:2,(anonymous_2)
FNDA:1,(anonymous_3)
FNDA:1,(anonymous_4)
DA:1,7
DA:2,7
DA:5,7
DA:7,4
DA:8,4
DA:10,4
DA:11,4
DA:13,3
DA:14,1
DA:15,1
DA:18,2
DA:22,2
DA:26,2
DA:28,2
DA:31,0
DA:35,1
DA:36,1
DA:38,1
DA:42,1
DA:45,0
DA:49,2
DA:50,2
DA:51,2
DA:53,1
DA:57,1
DA:60,0
DA:64,1
DA:66,1
DA:70,1
DA:73,0
DA:77,1
DA:78,1
DA:86,1
DA:90,1
DA:93,0
DA:99,7
LF:36
LH:31
BRDA:11,0,0,1
BRDA:11,0,1,3
BRDA:13,1,0,1
BRDA:13,1,1,2
BRDA:15,2,0,1
BRDA:15,2,1,0
BRDA:51,3,0,1
BRDA:51,3,1,1
BRF:8
BRH:7
end_of_record
TN:
SF:controllers\groupCtrl.js
FN:7,(anonymous_0)
FN:12,(anonymous_1)
FN:22,(anonymous_2)
FN:47,(anonymous_3)
FN:64,(anonymous_4)
FN:74,(anonymous_5)
FN:84,(anonymous_6)
FN:115,(anonymous_7)
FN:132,(anonymous_8)
FN:150,(anonymous_9)
FN:179,(anonymous_10)
FN:206,(anonymous_11)
FN:233,(anonymous_12)
FN:248,(anonymous_13)
FN:270,(anonymous_14)
FN:287,(anonymous_15)
FN:305,(anonymous_16)
FN:322,(anonymous_17)
FN:341,(anonymous_18)
FN:372,(anonymous_19)
FN:392,(anonymous_20)
FNF:21
FNH:9
FNDA:2,(anonymous_0)
FNDA:0,(anonymous_1)
FNDA:2,(anonymous_2)
FNDA:1,(anonymous_3)
FNDA:0,(anonymous_4)
FNDA:0,(anonymous_5)
FNDA:1,(anonymous_6)
FNDA:0,(anonymous_7)
FNDA:0,(anonymous_8)
FNDA:0,(anonymous_9)
FNDA:3,(anonymous_10)
FNDA:2,(anonymous_11)
FNDA:1,(anonymous_12)
FNDA:1,(anonymous_13)
FNDA:1,(anonymous_14)
FNDA:0,(anonymous_15)
FNDA:0,(anonymous_16)
FNDA:0,(anonymous_17)
FNDA:0,(anonymous_18)
FNDA:0,(anonymous_19)
FNDA:0,(anonymous_20)
DA:1,7
DA:2,7
DA:3,7
DA:4,7
DA:8,2
DA:9,2
DA:13,0
DA:14,0
DA:15,0
DA:16,0
DA:17,0
DA:21,7
DA:23,2
DA:24,2
DA:26,2
DA:29,2
DA:31,2
DA:39,2
DA:44,0
DA:48,1
DA:49,1
DA:50,1
DA:55,1
DA:61,0
DA:65,0
DA:66,0
DA:69,0
DA:71,0
DA:75,0
DA:76,0
DA:79,0
DA:81,0
DA:86,1
DA:87,1
DA:90,1
DA:105,1
DA:112,0
DA:116,0
DA:117,0
DA:121,0
DA:129,0
DA:134,0
DA:135,0
DA:139,0
DA:147,0
DA:152,0
DA:153,0
DA:154,0
DA:159,0
DA:162,0
DA:163,0
DA:168,0
DA:176,0
DA:180,3
DA:181,3
DA:182,3
DA:184,2
DA:188,2
DA:190,1
DA:198,1
DA:203,0
DA:207,2
DA:209,2
DA:211,2
DA:215,2
DA:217,1
DA:225,1
DA:230,0
DA:234,1
DA:235,1
DA:237,1
DA:239,1
DA:245,0
DA:249,1
DA:250,1
DA:260,1
DA:262,1
DA:267,0
DA:271,1
DA:272,1
DA:273,1
DA:275,1
DA:284,0
DA:288,0
DA:289,0
DA:294,0
DA:302,0
DA:306,0
DA:307,0
DA:311,0
DA:319,0
DA:323,0
DA:324,0
DA:325,0
DA:326,0
DA:330,0
DA:338,0
DA:342,0
DA:343,0
DA:344,0
DA:346,0
DA:350,0
DA:354,0
DA:356,0
DA:364,0
DA:369,0
DA:373,0
DA:375,0
DA:379,0
DA:388,0
DA:393,0
DA:394,0
DA:398,0
DA:407,0
DA:412,7
LF:115
LH:47
BRDA:13,0,0,0
BRDA:13,0,1,0
BRDA:49,1,0,1
BRDA:49,1,1,1
BRDA:182,2,0,1
BRDA:182,2,1,2
BRDA:188,3,0,1
BRDA:188,3,1,1
BRDA:215,4,0,1
BRDA:215,4,1,1
BRDA:260,5,0,0
BRDA:260,5,1,1
BRDA:344,6,0,0
BRDA:344,6,1,0
BRDA:354,7,0,0
BRDA:354,7,1,0
BRF:16
BRH:9
end_of_record
TN:
SF:controllers\messageCtrl.js
FN:5,(anonymous_0)
FN:10,(anonymous_1)
FN:20,(anonymous_2)
FN:50,(anonymous_3)
FN:68,(anonymous_4)
FN:88,(anonymous_5)
FN:96,(anonymous_6)
FNF:7
FNH:7
FNDA:2,(anonymous_0)
FNDA:2,(anonymous_1)
FNDA:1,(anonymous_2)
FNDA:1,(anonymous_3)
FNDA:1,(anonymous_4)
FNDA:1,(anonymous_5)
FNDA:1,(anonymous_6)
DA:1,7
DA:2,7
DA:6,2
DA:7,2
DA:11,2
DA:12,2
DA:13,2
DA:14,2
DA:15,2
DA:19,7
DA:21,1
DA:22,1
DA:24,1
DA:26,1
DA:36,1
DA:42,1
DA:44,1
DA:47,0
DA:51,1
DA:52,1
DA:56,1
DA:59,1
DA:65,0
DA:69,1
DA:70,1
DA:77,1
DA:79,1
DA:85,0
DA:89,1
DA:90,1
DA:91,1
DA:93,0
DA:97,1
DA:98,1
DA:104,1
DA:106,0
DA:108,1
DA:113,7
LF:38
LH:33
BRDA:11,0,0,2
BRDA:11,0,1,2
BRDA:12,1,0,2
BRDA:12,1,1,2
BRDA:24,2,0,0
BRDA:24,2,1,1
BRDA:24,3,0,1
BRDA:24,3,1,1
BRDA:24,3,2,0
BRF:9
BRH:7
end_of_record
TN:
SF:controllers\notifyCtrl.js
FN:5,(anonymous_0)
FN:21,(anonymous_1)
FN:32,(anonymous_2)
FN:42,(anonymous_3)
FN:53,(anonymous_4)
FNF:5
FNH:5
FNDA:2,(anonymous_0)
FNDA:1,(anonymous_1)
FNDA:1,(anonymous_2)
FNDA:1,(anonymous_3)
FNDA:1,(anonymous_4)
DA:1,7
DA:4,7
DA:6,2
DA:7,2
DA:9,2
DA:11,2
DA:15,2
DA:16,2
DA:18,0
DA:22,1
DA:23,1
DA:27,1
DA:29,0
DA:33,1
DA:34,1
DA:37,1
DA:39,0
DA:43,1
DA:44,1
DA:48,1
DA:50,0
DA:54,1
DA:55,1
DA:57,1
DA:59,0
DA:65,7
LF:26
LH:21
BRDA:9,0,0,0
BRDA:9,0,1,2
BRF:2
BRH:1
end_of_record
TN:
SF:controllers\postCtrl.js
FN:7,(anonymous_0)
FN:12,(anonymous_1)
FN:22,(anonymous_2)
FN:53,(anonymous_3)
FN:78,(anonymous_4)
FN:95,(anonymous_5)
FN:111,(anonymous_6)
FN:127,(anonymous_7)
FN:153,(anonymous_8)
FN:170,(anonymous_9)
FN:185,(anonymous_10)
FN:199,(anonymous_11)
FN:226,(anonymous_12)
FNF:13
FNH:9
FNDA:2,(anonymous_0)
FNDA:0,(anonymous_1)
FNDA:3,(anonymous_2)
FNDA:1,(anonymous_3)
FNDA:1,(anonymous_4)
FNDA:0,(anonymous_5)
FNDA:0,(anonymous_6)
FNDA:1,(anonymous_7)
FNDA:2,(anonymous_8)
FNDA:2,(anonymous_9)
FNDA:1,(anonymous_10)
FNDA:1,(anonymous_11)
FNDA:0,(anonymous_12)
DA:1,7
DA:2,7
DA:3,7
DA:4,7
DA:8,2
DA:9,2
DA:13,0
DA:14,0
DA:15,0
DA:16,0
DA:17,0
DA:21,7
DA:23,3
DA:24,3
DA:26,3
DA:27,3
DA:29,2
DA:30,1
DA:32,1
DA:36,1
DA:40,1
DA:42,1
DA:50,0
DA:54,1
DA:55,1
DA:58,1
DA:68,1
DA:75,0
DA:79,1
DA:80,1
DA:90,1
DA:92,0
DA:96,0
DA:97,0
DA:108,0
DA:112,0
DA:113,0
DA:124,0
DA:128,1
DA:129,1
DA:131,1
DA:142,1
DA:150,0
DA:154,2
DA:155,2
DA:156,2
DA:158,1
DA:162,1
DA:164,1
DA:167,0
DA:171,2
DA:173,2
DA:177,2
DA:179,1
DA:182,0
DA:186,1
DA:187,1
DA:188,1
DA:190,1
DA:196,0
DA:200,1
DA:201,1
DA:216,1
DA:218,1
DA:223,0
DA:227,0
DA:228,0
DA:229,0
DA:230,0
DA:239,0
DA:244,7
LF:71
LH:47
BRDA:13,0,0,0
BRDA:13,0,1,0
BRDA:14,1,0,0
BRDA:14,1,1,0
BRDA:27,2,0,1
BRDA:27,2,1,2
BRDA:29,3,0,1
BRDA:29,3,1,1
BRDA:29,4,0,2
BRDA:29,4,1,2
BRDA:156,5,0,1
BRDA:156,5,1,1
BRDA:162,6,0,0
BRDA:162,6,1,1
BRDA:177,7,0,1
BRDA:177,7,1,1
BRDA:216,8,0,0
BRDA:216,8,1,1
BRF:18
BRH:12
end_of_record
TN:
SF:controllers\userCtrl.js
FN:4,(anonymous_0)
FN:13,(anonymous_1)
FN:23,(anonymous_2)
FN:33,(anonymous_3)
FN:56,(anonymous_4)
FNF:5
FNH:5
FNDA:4,(anonymous_0)
FNDA:3,(anonymous_1)
FNDA:3,(anonymous_2)
FNDA:5,(anonymous_3)
FNDA:5,(anonymous_4)
DA:1,7
DA:2,7
DA:4,7
DA:5,4
DA:6,4
DA:7,2
DA:9,2
DA:12,7
DA:14,3
DA:15,3
DA:18,2
DA:20,1
DA:24,3
DA:25,3
DA:26,2
DA:28,1
DA:30,1
DA:34,5
DA:35,5
DA:37,5
DA:39,4
DA:41,3
DA:42,2
DA:43,1
DA:44,1
DA:46,1
DA:50,1
DA:53,0
DA:57,5
DA:58,5
DA:59,5
DA:60,4
DA:61,2
DA:65,2
DA:66,1
DA:68,1
DA:70,1
DA:75,3
DA:78,0
DA:84,7
LF:40
LH:38
BRDA:6,0,0,2
BRDA:6,0,1,2
BRDA:26,1,0,1
BRDA:26,1,1,1
BRDA:37,2,0,1
BRDA:37,2,1,4
BRDA:39,3,0,1
BRDA:39,3,1,3
BRDA:41,4,0,1
BRDA:41,4,1,2
BRDA:42,5,0,1
BRDA:42,5,1,1
BRDA:59,6,0,1
BRDA:59,6,1,4
BRDA:60,7,0,2
BRDA:60,7,1,2
BRDA:60,8,0,4
BRDA:60,8,1,2
BRDA:65,9,0,1
BRDA:65,9,1,1
BRF:20
BRH:20
end_of_record
TN:
SF:middleware\auth.js
FN:4,(anonymous_0)
FNF:1
FNH:1
FNDA:60,(anonymous_0)
DA:1,7
DA:2,7
DA:4,7
DA:5,60
DA:6,60
DA:8,60
DA:10,60
DA:11,60
DA:13,60
DA:15,60
DA:16,60
DA:18,0
DA:23,7
LF:13
LH:12
BRDA:8,0,0,0
BRDA:8,0,1,60
BRDA:11,1,0,0
BRDA:11,1,1,60
BRF:4
BRH:2
end_of_record
TN:
SF:models\commentModel.js
FNF:0
FNH:0
DA:1,7
DA:3,7
DA:18,7
LF:3
LH:3
BRF:0
BRH:0
end_of_record
TN:
SF:models\conversationModel.js
FNF:0
FNH:0
DA:1,7
DA:3,7
DA:12,7
LF:3
LH:3
BRF:0
BRH:0
end_of_record
TN:
SF:models\groupModel.js
FNF:0
FNH:0
DA:1,7
DA:3,7
DA:50,7
LF:3
LH:3
BRF:0
BRH:0
end_of_record
TN:
SF:models\messageModel.js
FNF:0
FNH:0
DA:1,7
DA:3,7
DA:13,7
LF:3
LH:3
BRF:0
BRH:0
end_of_record
TN:
SF:models\notifyModel.js
FNF:0
FNH:0
DA:1,7
DA:3,7
DA:16,7
LF:3
LH:3
BRF:0
BRH:0
end_of_record
TN:
SF:models\postModel.js
FNF:0
FNH:0
DA:1,7
DA:3,7
DA:34,7
LF:3
LH:3
BRF:0
BRH:0
end_of_record
TN:
SF:models\userModel.js
FNF:0
FNH:0
DA:1,7
DA:4,7
DA:48,7
LF:3
LH:3
BRF:0
BRH:0
end_of_record
TN:
SF:routes\authRouter.js
FNF:0
FNH:0
DA:1,7
DA:2,7
DA:4,7
DA:6,7
DA:8,7
DA:10,7
DA:13,7
LF:7
LH:7
BRF:0
BRH:0
end_of_record
TN:
SF:routes\commentRouter.js
FNF:0
FNH:0
DA:1,7
DA:2,7
DA:3,7
DA:5,7
DA:7,7
DA:9,7
DA:11,7
DA:13,7
DA:17,7
LF:9
LH:9
BRF:0
BRH:0
end_of_record
TN:
SF:routes\groupRouter.js
FNF:0
FNH:0
DA:1,7
DA:2,7
DA:3,7
DA:5,7
DA:9,7
DA:14,7
DA:16,7
DA:18,7
DA:20,7
DA:22,7
DA:24,7
DA:26,7
DA:28,7
DA:30,7
DA:32,7
DA:34,7
DA:36,7
DA:38,7
LF:18
LH:18
BRF:0
BRH:0
end_of_record
TN:
SF:routes\messageRouter.js
FNF:0
FNH:0
DA:1,7
DA:2,7
DA:3,7
DA:5,7
DA:7,7
DA:9,7
DA:11,7
DA:13,7
DA:16,7
LF:9
LH:9
BRF:0
BRH:0
end_of_record
TN:
SF:routes\notifyRouter.js
FNF:0
FNH:0
DA:1,7
DA:2,7
DA:3,7
DA:5,7
DA:7,7
DA:9,7
DA:11,7
DA:13,7
DA:17,7
LF:9
LH:9
BRF:0
BRH:0
end_of_record
TN:
SF:routes\postRouter.js
FNF:0
FNH:0
DA:1,7
DA:2,7
DA:3,7
DA:5,7
DA:9,7
DA:14,7
DA:16,7
DA:18,7
DA:20,7
DA:22,7
DA:24,7
DA:26,7
LF:12
LH:12
BRF:0
BRH:0
end_of_record
TN:
SF:routes\userRouter.js
FNF:0
FNH:0
DA:1,7
DA:2,7
DA:3,7
DA:6,7
DA:8,7
DA:10,7
DA:12,7
DA:14,7
LF:8
LH:8
BRF:0
BRH:0
end_of_record
